[www.eazygrad.com/index.html]
[static.wixstatic.com/media/2ae72b_01e9d1eb921e477b92a813241f353d4e_mv2.jpg/v1/fill/w_192,h_192,lg_1,usm_0.66_1.00_0.01/2ae72b_01e9d1eb921e477b92a813241f353d4e_mv2.jpg]
[static.wixstatic.com/media/2ae72b_01e9d1eb921e477b92a813241f353d4e_mv2.jpg/v1/fill/w_32,h_32,lg_1,usm_0.66_1.00_0.01/2ae72b_01e9d1eb921e477b92a813241f353d4e_mv2.jpg]
[static.wixstatic.com/media/2ae72b_01e9d1eb921e477b92a813241f353d4e_mv2.jpg/v1/fill/w_180,h_180,lg_1,usm_0.66_1.00_0.01/2ae72b_01e9d1eb921e477b92a813241f353d4e_mv2.jpg]
[static.parastorage.com/unpkg/core-js-bundle@3.2.1/minified.js]
[static.parastorage.com/unpkg/focus-within-polyfill@5.0.9/dist/focus-within-polyfill.js]
[backblue.gif]
[fade.gif]
[index.html]
[polyfill-fastly.io/v3/polyfill.mind82c.js]
[www.eazygrad.com/c.6.delayed]
[www.eazygrad.com/t.7.delayed]
[www.eazygrad.com/refusals.html]
[www.eazygrad.com/ieltsprep.html]
[www.eazygrad.com/services.html]
[www.eazygrad.com/about.html]
[static.wixstatic.com/media/99bfb4_737194435f7540b3a16dc2ce3a350ea2_mv2.png/v1/fill/w_49,h_10,al_c,q_85,usm_0.66_1.00_0.01,blur_2,enc_avif,quality_auto/logo_edited.png]
[static.wixstatic.com/media/6f3e00_b3a7e9d85d794234b4d1b52f64a7b204_mv2.png/v1/fill/w_75,h_71,al_c,q_85,usm_0.66_1.00_0.01,blur_2,enc_avif,quality_auto/Hero-Illustration.png]
[static.wixstatic.com/media/6f3e00_00e2620d236747bebce93583f1a495dd_mv2.png/v1/fill/w_125,h_125,al_c,q_85,blur_3,enc_avif,quality_auto/Our-Exclusive-Features-1.png]
[www.eazygrad.com/registration.html]
[static.wixstatic.com/media/6f3e00_b6566b228ce6415a95d4e5bc6815ce10_mv2.png/v1/fill/w_125,h_125,al_c,q_85,blur_3,enc_avif,quality_auto/Our-Exclusive-Features-2.png]
[static.wixstatic.com/media/6f3e00_b057eb798eb5404f8082b12ca9fda4e7_mv2.png/v1/fill/w_125,h_125,al_c,q_85,blur_3,enc_avif,quality_auto/Our-Exclusive-Features-3.png]
[static.wixstatic.com/media/6f3e00_337df33c2b1448158183372af07bc81c_mv2.png/v1/fill/w_95,h_73,al_c,q_85,usm_0.66_1.00_0.01,blur_2,enc_avif,quality_auto/student-01.png]
[static.wixstatic.com/media/6f3e00_79db0a1510e74642b1e75615e51e975d_mv2.png/v1/fill/w_200,h_150,al_c,q_85,blur_3,enc_avif,quality_auto/Purdue-University.png]
[static.wixstatic.com/media/6f3e00_e1faac80724e407b9b586e3504df58af_mv2.png/v1/fill/w_95,h_73,al_c,q_85,usm_0.66_1.00_0.01,blur_2,enc_avif,quality_auto/student-02.png]
[static.wixstatic.com/media/6f3e00_cb01085f13ed4083a7a74148d43148ad_mv2.png/v1/fill/w_200,h_150,al_c,q_85,blur_3,enc_avif,quality_auto/Purdue-University.png]
[static.wixstatic.com/media/6f3e00_9dec116045e440369a7cf8896e548b23_mv2.png/v1/fill/w_95,h_73,al_c,q_85,usm_0.66_1.00_0.01,blur_2,enc_avif,quality_auto/student-03.png]
[static.wixstatic.com/media/6f3e00_7e9d6a120fb64676b51cc7d748a8d141_mv2.png/v1/fill/w_200,h_150,al_c,q_85,blur_3,enc_avif,quality_auto/university-of-southampton.png]
[static.wixstatic.com/media/6f3e00_59f4068074de45fb84b42a86849419fe_mv2.png/v1/fill/w_95,h_73,al_c,q_85,usm_0.66_1.00_0.01,blur_2,enc_avif,quality_auto/student-04.png]
[static.wixstatic.com/media/6f3e00_2db2b094ce7646eca4e8e646f18c799e_mv2.png/v1/fill/w_200,h_150,al_c,q_85,blur_3,enc_avif,quality_auto/Queen-Mary-University-London.png]
[static.wixstatic.com/media/6f3e00_ab3319f87e8a4aad87c65909ce8d9f14_mv2.png/v1/fill/w_95,h_73,al_c,q_85,usm_0.66_1.00_0.01,blur_2,enc_avif,quality_auto/student-05.png]
[static.wixstatic.com/media/6f3e00_32debd0ae4504f09994285cf26b9a9de_mv2.png/v1/fill/w_200,h_150,al_c,q_85,blur_3,enc_avif,quality_auto/University-College-Dublin.png]
[static.wixstatic.com/media/6f3e00_cfa0f2d32aaa49aea8f54d727e9dbd4e_mv2.png/v1/fill/w_95,h_73,al_c,q_85,usm_0.66_1.00_0.01,blur_2,enc_avif,quality_auto/student-07.png]
[static.wixstatic.com/media/6f3e00_31b769227f8e4ad2b5266b89bf0002e3_mv2.png/v1/fill/w_200,h_150,al_c,q_85,blur_3,enc_avif,quality_auto/pihms.png]
[static.wixstatic.com/media/6f3e00_3e0f6afe67464e5cac611ba5bd13937e_mv2.png/v1/fill/w_95,h_73,al_c,q_85,usm_0.66_1.00_0.01,blur_2,enc_avif,quality_auto/student-06.png]
[static.wixstatic.com/media/6f3e00_28292d350f21472b995c030dc226b1cb_mv2.png/v1/fill/w_200,h_150,al_c,q_85,blur_3,enc_avif,quality_auto/rmit-university.png]
[static.wixstatic.com/media/6f3e00_977d90dccd0b45918422e46d4074e947_mv2.png/v1/fill/w_95,h_73,al_c,q_85,usm_0.66_1.00_0.01,blur_2,enc_avif,quality_auto/student-08.png]
[static.wixstatic.com/media/6f3e00_f921bcd24fba4a019eaa4d237fa9446f_mv2.png/v1/fill/w_200,h_150,al_c,q_85,blur_3,enc_avif,quality_auto/humber.png]
[static.wixstatic.com/media/6f3e00_0409d51995ab4570a0385c24aa215103_mv2.png/v1/fill/w_95,h_73,al_c,q_85,usm_0.66_1.00_0.01,blur_2,enc_avif,quality_auto/student-09.png]
[static.wixstatic.com/media/6f3e00_51553faa2693447a8b53805bbd2f1c43_mv2.png/v1/fill/w_200,h_150,al_c,q_85,blur_3,enc_avif,quality_auto/sheridan.png]
[static.wixstatic.com/media/6f3e00_6a54a2b18a0544209dfe84bbf00ed6dd_mv2.png/v1/fill/w_200,h_150,al_c,q_85,blur_3,enc_avif,quality_auto/King_s-College-London.png]
[static.wixstatic.com/media/6f3e00_8c4d483dd3d846279ed6c22035730d26_mv2.png/v1/fill/w_200,h_150,al_c,q_85,blur_3,enc_avif,quality_auto/University-of-Manchester.png]
[static.wixstatic.com/media/6f3e00_f28a1024e7164b13bfc3cc31bcc2b183_mv2.png/v1/fill/w_200,h_150,al_c,q_85,blur_3,enc_avif,quality_auto/McGill-University.png]
[static.wixstatic.com/media/6f3e00_366ae0733ebc4a33901389decb95d767_mv2.png/v1/fill/w_200,h_150,al_c,q_85,blur_3,enc_avif,quality_auto/victoria.png]
[static.wixstatic.com/media/6f3e00_2688a0c8831644a1925a3bf925f3da80_mv2.png/v1/fill/w_200,h_150,al_c,q_85,blur_3,enc_avif,quality_auto/queen.png]
[static.wixstatic.com/media/6f3e00_0e991d9da9d24daf96564fc0548d0297_mv2.png/v1/fill/w_200,h_150,al_c,q_85,blur_3,enc_avif,quality_auto/Trinity-College-Dublin.png]
[static.wixstatic.com/media/6f3e00_cec83aaf31d04656a8d48a3520b4d978_mv2.png/v1/fill/w_200,h_150,al_c,q_85,blur_3,enc_avif,quality_auto/University-of-Manitoba.png]
[static.wixstatic.com/media/6f3e00_ed51031f759a472d97822b67feecf6e2_mv2.png/v1/fill/w_200,h_150,al_c,q_85,blur_3,enc_avif,quality_auto/warwick.png]
[static.wixstatic.com/media/6f3e00_b3bfd2925d98459da1b8581d8a80b5df_mv2.png/v1/fill/w_200,h_150,al_c,q_85,blur_3,enc_avif,quality_auto/University-of-Waterloo.png]
[static.wixstatic.com/media/6f3e00_75e187bb4e8f4c9cbc8d031fbb815df5_mv2.png/v1/fill/w_200,h_150,al_c,q_85,blur_3,enc_avif,quality_auto/University-of-Edinburgh.png]
[static.wixstatic.com/media/6f3e00_ece86496c426434788add24bd2e44906_mv2.png/v1/fill/w_200,h_150,al_c,q_85,blur_3,enc_avif,quality_auto/University-of-Leeds.png]
[static.wixstatic.com/media/6f3e00_e88a33e5b9414f72a06cd7957b697f57_mv2.png/v1/fill/w_200,h_150,al_c,q_85,blur_3,enc_avif,quality_auto/University-of-Bristol.png]
[static.wixstatic.com/media/6f3e00_a82d8b134b0e4ff28ae79550902b0ad7_mv2.png/v1/fill/w_200,h_150,al_c,q_85,blur_3,enc_avif,quality_auto/Arizona-State-University.png]
[static.wixstatic.com/media/6f3e00_fdc789d7a6284f1b9aeebd2c639d65b6_mv2.png/v1/fill/w_48,h_49,al_c,q_85,usm_0.66_1.00_0.01,blur_2,enc_avif,quality_auto/EazyAdmissions.png]
[static.wixstatic.com/media/6f3e00_b145b07f418348408ea63a5bebf799b6_mv2.png/v1/fill/w_46,h_49,al_c,q_85,usm_0.66_1.00_0.01,blur_2,enc_avif,quality_auto/EazyPrep.png]
[static.wixstatic.com/media/6f3e00_1215149c18414878b501f59c7fb400ad_mv2.png/v1/fill/w_49,h_48,al_c,q_85,usm_0.66_1.00_0.01,blur_2,enc_avif,quality_auto/EazyFinance.png]
[static.wixstatic.com/media/6f3e00_18771f1321e54da3b6c433f65a50e43c_mv2.png/v1/fill/w_46,h_49,al_c,q_85,usm_0.66_1.00_0.01,blur_2,enc_avif,quality_auto/EazyHive.png]
[static.wixstatic.com/media/6f3e00_7ad0e01cf64f4a7b9ac529615e181687_mv2.png/v1/fill/w_49,h_48,al_c,q_85,usm_0.66_1.00_0.01,blur_2,enc_avif,quality_auto/EazyMove.png]
[static.wixstatic.com/media/6f3e00_b352f79af6514ce9ba94aa50254914e7_mv2.png/v1/fill/w_125,h_125,al_c,q_85,blur_3,enc_avif,quality_auto/Our-Exclusive-Features-4.png]
[static.wixstatic.com/media/6f3e00_893b7d29dbab498396a3d2c27bf1a74c_mv2.png/v1/fill/w_49,h_14,al_c,q_85,usm_0.66_1.00_0.01,blur_2,enc_avif,quality_auto/banner-home.png]
[static.wixstatic.com/media/6f3e00_5f4c187e00c04e76be7128e7e3c8c71b_mv2.png/v1/fill/w_100,h_70,al_c,q_85,usm_0.66_1.00_0.01,blur_2,enc_avif,quality_auto/mobile-banner-home.png]
[static.wixstatic.com/media/6f3e00_eebd3f3c82e14ed586d2c2d2f83cceae_mv2.png/v1/fill/w_51,h_51,al_c,q_85,usm_0.66_1.00_0.01,blur_2,enc_avif,quality_auto/Country Guide.png]
[www.eazygrad.com/_files/ugd/Country.pdf_; filename_=UTF-8''Country.pdf]
[static.wixstatic.com/media/6f3e00_66de66aa7b164e4ea6e6b379789f1462_mv2.png/v1/fill/w_51,h_51,al_c,q_85,usm_0.66_1.00_0.01,blur_2,enc_avif,quality_auto/Test Prep Guide.png]
[www.eazygrad.com/_files/ugd/Test%20Prep%20Guide.pdf_; filename_=UTF-8''Test%20Prep%20Guide.pdf]
[static.wixstatic.com/media/6f3e00_422fb2b146164427801650c123107076_mv2.png/v1/fill/w_51,h_51,al_c,q_85,usm_0.66_1.00_0.01,blur_2,enc_avif,quality_auto/VISA Guide.png]
[www.eazygrad.com/_files/ugd/Visa.pdf_; filename_=UTF-8''Visa.pdf]
[static.wixstatic.com/media/6f3e00_c33fbcc6d8034578a0fba45b2cb0bb62_mv2.png/v1/fill/w_113,h_263,al_c,q_85,usm_0.66_1.00_0.01,blur_2,enc_avif,quality_auto/faq.png]
[static.wixstatic.com/media/6f3e00_60950a3c3986496180cf02e1a5cf3418_mv2.png/v1/fill/w_105,h_80,al_c,q_85,usm_0.66_1.00_0.01,blur_2,enc_avif,quality_auto/banner-05.png]
[static.wixstatic.com/media/6f3e00_02aa7d30b98e4cb7aa34ebbceddd2daf_mv2.png/v1/fill/w_49,h_17,al_c,q_85,usm_0.66_1.00_0.01,blur_2,enc_avif,quality_auto/banner-3.png]
[static.wixstatic.com/media/6f3e00_178ea1c5071549efa695e57965f41f5b_mv2.png/v1/fill/w_87,h_130,al_c,q_85,usm_0.66_1.00_0.01,blur_2,enc_avif,quality_auto/shy-banner.png]
[static.wixstatic.com/media/6f3e00_3c47a51f700644e1a8af3f493f0d777a_mv2.png/v1/fill/w_113,h_75,al_c,q_85,usm_0.66_1.00_0.01,blur_2,enc_avif,quality_auto/line.png]
[static.wixstatic.com/media/6f3e00_457849402b924bd5bb56327a32950497_mv2.png/v1/fill/w_69,h_69,al_c,q_85,usm_0.66_1.00_0.01,blur_2,enc_avif,quality_auto/Student's Journey 7.png]
[www.eazygrad.com/contact.html]
[static.wixstatic.com/media/6f3e00_2091d5772ffd41c583a7a1a5021cb0c0_mv2.png/v1/fill/w_58,h_53,al_c,q_85,usm_0.66_1.00_0.01,blur_2,enc_avif,quality_auto/Student's Journey 8.png]
[static.wixstatic.com/media/6f3e00_a7668d583ef04bf19d390dc3e6aa3fda_mv2.png/v1/fill/w_73,h_79,al_c,q_85,usm_0.66_1.00_0.01,blur_2,enc_avif,quality_auto/Student's Journey 5.png]
[static.wixstatic.com/media/6f3e00_82e119c7387a44009c4d66e405caa4dd_mv2.png/v1/fill/w_62,h_62,al_c,q_85,usm_0.66_1.00_0.01,blur_2,enc_avif,quality_auto/Student's Journey 6.png]
[static.wixstatic.com/media/6f3e00_d835145c8c3d4a0a8204f5ee9c579c8d_mv2.png/v1/fill/w_64,h_64,al_c,q_85,usm_0.66_1.00_0.01,blur_2,enc_avif,quality_auto/Student's Journey 3.png]
[static.wixstatic.com/media/6f3e00_a0cf3a3dc9104c659dec0293a132f711_mv2.png/v1/fill/w_68,h_67,al_c,q_85,usm_0.66_1.00_0.01,blur_2,enc_avif,quality_auto/Student's Journey 4.png]
[static.wixstatic.com/media/6f3e00_b28531ab068e45a3a975113a0f7cef62_mv2.png/v1/fill/w_69,h_69,al_c,q_85,usm_0.66_1.00_0.01,blur_2,enc_avif,quality_auto/Student's Journey 1.png]
[static.wixstatic.com/media/6f3e00_fd58d674c28d4c77a83418c1af066bae_mv2.png/v1/fill/w_69,h_69,al_c,q_85,usm_0.66_1.00_0.01,blur_2,enc_avif,quality_auto/Student's Journey 2.png]
[static.wixstatic.com/media/6f3e00_836c8abb1c8e43db85a12123062ea702_mv2.png/v1/fill/w_124,h_70,al_c,q_85,usm_0.66_1.00_0.01,blur_2,enc_avif,quality_auto/Australia.png]
[www.eazygrad.com/australia.html]
[static.wixstatic.com/media/6f3e00_3103696811fb40e9b1fcb41da6bab0e8_mv2.png/v1/fill/w_124,h_70,al_c,q_85,usm_0.66_1.00_0.01,blur_2,enc_avif,quality_auto/CANADA.png]
[www.eazygrad.com/canada.html]
[static.wixstatic.com/media/6f3e00_27ab64fa0e6c41cf99ec88ed967f9980_mv2.png/v1/fill/w_124,h_70,al_c,q_85,usm_0.66_1.00_0.01,blur_2,enc_avif,quality_auto/ireland.png]
[www.eazygrad.com/ireland.html]
[static.wixstatic.com/media/6f3e00_bf26d8dff87440a3934f5f6b9c278ff3_mv2.png/v1/fill/w_124,h_70,al_c,q_85,usm_0.66_1.00_0.01,blur_2,enc_avif,quality_auto/UNITED.png]
[www.eazygrad.com/uk.html]
[static.wixstatic.com/media/6f3e00_f50c14c0727f48609b63c4e0286fb5bb_mv2.jpg/v1/fill/w_124,h_70,al_c,q_80,usm_0.66_1.00_0.01,blur_2,enc_avif,quality_auto/new-zealand.png]
[www.eazygrad.com/newzealand.html]
[static.wixstatic.com/media/6f3e00_207453b8e94340ef835b438709fdc34e_mv2.png/v1/fill/w_124,h_70,al_c,q_85,usm_0.66_1.00_0.01,blur_2,enc_avif,quality_auto/usa.png]
[static.wixstatic.com/media/6f3e00_b3c26303e61c4cf0818f955540085260_mv2.png/v1/fill/w_100,h_29,al_c,q_85,usm_0.66_1.00_0.01,blur_3,enc_avif,quality_auto/6f3e00_b3c26303e61c4cf0818f955540085260_mv2.png]
[www.eazygrad.com/usa.html]
[www.eazygrad.com/contact-us.html]
[static.parastorage.com/services/wix-thunderbolt/dist/8875.e26292eb.bundle.min.js]
[browser.sentry-cdn.com/6.18.2/bundle.min.js]
[www.eazygrad.com/sitemap.xml]
[www.eazygrad.com/feed.60.delayed]
[static.parastorage.com/services/wix-thunderbolt/dist/thunderbolt-commons.b7a35b00.bundle.min.js]
[static.parastorage.com/services/wix-thunderbolt/dist/main.d98de0fd.bundle.min.js]
[static.parastorage.com/services/wix-thunderbolt/dist/main.renderer.1d21f023.bundle.min.js]
[static.parastorage.com/unpkg/lodash@4.17.21/lodash.min.js]
[static.parastorage.com/unpkg/react@18.3.1/umd/react.production.min.js]
[static.parastorage.com/unpkg/react-dom@18.3.1/umd/react-dom.production.min.js]
[static.parastorage.com/services/wix-thunderbolt/dist/browser-deprecation.bundle.es5.js]
[www.eazygrad.com/decodeURIComponent(e.68.delayed]
[static.parastorage.com/services/tag-manager-client/1.875.0/siteTags.bundle.min.js]
[www.eazygrad.com/index.html]
[www.eazygrad.com/c.html]
[www.eazygrad.com/t.html]
[in.fw-cdn.com/30500270/275986.js]
[static.wixstatic.com/media/6f3e00_5e4f55651cde428ca14c515dabe8a0b4_mv2.png/v1/fill/w_106,h_106,al_c,q_85,usm_0.66_1.00_0.01,blur_2,enc_avif,quality_auto/Why Students Trust Us Most  4.png]
[static.wixstatic.com/media/6f3e00_5b1da351de8c412e97314bbf8eb61497_mv2.png/v1/fill/w_51,h_51,al_c,q_85,usm_0.66_1.00_0.01,blur_2,enc_avif,quality_auto/Why Students Trust Us Most  3.png]
[static.wixstatic.com/media/6f3e00_ec4e928163e94c6bb55ddb877793acb2_mv2.png/v1/fill/w_50,h_42,al_c,q_85,usm_0.66_1.00_0.01,blur_2,enc_avif,quality_auto/Why Students Trust Us Most 2.png]
[static.wixstatic.com/media/6f3e00_529134824fd64ff2a6efd54217af5d80_mv2.png/v1/fill/w_107,h_107,al_c,q_85,usm_0.66_1.00_0.01,blur_2,enc_avif,quality_auto/Why Students Trust Us Most  1.png]
[static.wixstatic.com/media/6f3e00_16baea80c8634750bbff27892ebaf319_mv2.png/v1/fill/w_63,h_18,al_c,q_85,usm_0.66_1.00_0.01,blur_2,enc_avif,quality_auto/Georgian-College.png]
[static.wixstatic.com/media/6f3e00_c9f156807a4c46a4be51ea2591a74de1_mv2.png/v1/fill/w_63,h_18,al_c,q_85,usm_0.66_1.00_0.01,blur_2,enc_avif,quality_auto/Humber-College.png]
[static.wixstatic.com/media/6f3e00_c6e538a691554aef9219c3661fc70f2b_mv2.png/v1/fill/w_63,h_18,al_c,q_85,usm_0.66_1.00_0.01,blur_2,enc_avif,quality_auto/Lambton-College.png]
[static.wixstatic.com/media/6f3e00_c664daf64267471dbdd2dc4b8209cd25_mv2.png/v1/fill/w_63,h_18,al_c,q_85,usm_0.66_1.00_0.01,blur_2,enc_avif,quality_auto/Seneca-College.png]
[static.wixstatic.com/media/6f3e00_cbc177db7bf44d23a9a2025b5e8a7baf_mv2.png/v1/fill/w_63,h_18,al_c,q_85,usm_0.66_1.00_0.01,blur_2,enc_avif,quality_auto/Sheridan-College.png]
[static.wixstatic.com/media/6f3e00_fc86f13f8d1a42f6b8d7a3532f87f46b_mv2.png/v1/fill/w_200,h_80,al_c,q_85,blur_3,enc_avif,quality_auto/University-of-Waterloo.png]
[static.wixstatic.com/media/6f3e00_2e43ad8334634750a370f5b0a2c0e27b_mv2.png/v1/fill/w_200,h_80,al_c,q_85,blur_3,enc_avif,quality_auto/University-of-Manitoba.png]
[static.wixstatic.com/media/6f3e00_7fa784f6b5e04cd3ab3f0586c0872eb3_mv2.png/v1/fill/w_200,h_80,al_c,q_85,blur_3,enc_avif,quality_auto/Fairleigh-Dickinson-University.png]
[static.wixstatic.com/media/6f3e00_51929b63f3be43988ba7cac33a6aa091_mv2.png/v1/fill/w_200,h_80,al_c,q_85,blur_3,enc_avif,quality_auto/Fanshawe-College.png]
[static.wixstatic.com/media/6f3e00_f761abde70d84a82976fdce2ada17766_mv2.png/v1/fill/w_200,h_80,al_c,q_85,blur_3,enc_avif,quality_auto/George-Brown-College.png]
[static.wixstatic.com/media/6f3e00_9c550a2b903646efaa7957db0364cae1_mv2.png/v1/fill/w_200,h_80,al_c,q_85,blur_3,enc_avif,quality_auto/Loyalist-College.png]
[static.wixstatic.com/media/6f3e00_5b3c408515154e6cb9a8ff1325213c42_mv2.png/v1/fill/w_200,h_80,al_c,q_85,blur_3,enc_avif,quality_auto/McGill-University.png]
[static.wixstatic.com/media/6f3e00_f35fb9a084044d33936b490c4b6dc756_mv2.png/v1/fill/w_79,h_79,al_c,q_85,usm_0.66_1.00_0.01,blur_2,enc_avif,quality_auto/Red Flag.png]
[static.wixstatic.com/media/6f3e00_9e4a0da1333a4f5bae4b8e1f55c9d907_mv2.png/v1/fill/w_49,h_18,al_c,q_85,usm_0.66_1.00_0.01,blur_2,enc_avif,quality_auto/canda-bg-blue.png]
[static.wixstatic.com/media/6f3e00_d2b65e2b83674c78968cec407b51e68b_mv2.png/v1/fill/w_113,h_116,al_c,q_85,usm_0.66_1.00_0.01,blur_2,enc_avif,quality_auto/canda-bg-blue-m.png]
[static.wixstatic.com/media/6f3e00_ab5d548a3b2c486fb9a60911ace25a46_mv2.jpg/v1/fill/w_105,h_75,al_c,q_80,usm_0.66_1.00_0.01,blur_2,enc_avif,quality_auto/refusal-red-bg-m.jpg]
[static.wixstatic.com/media/6f3e00_67895108633143fab3e4b821159081c3_mv2.jpg/v1/fill/w_147,h_54,al_c,q_80,usm_0.66_1.00_0.01,blur_2,enc_avif,quality_auto/refusal-red-bg.jpg]
[static.wixstatic.com/media/6f3e00_d6543e3152e547b1bf99ca763b458a4a_mv2.png/v1/fill/w_49,h_55,al_c,q_85,usm_0.66_1.00_0.01,blur_2,enc_avif,quality_auto/Hero Image (2).png]
[static.wixstatic.com/media/6f3e00_cb10ba957cc64d41b7e5a610909964fe_mv2.png/v1/fill/w_51,h_51,al_c,q_85,usm_0.66_1.00_0.01,blur_2,enc_avif,quality_auto/Hero-Icon-1.png]
[static.wixstatic.com/media/6f3e00_0b8a81c03e66471c9e8ffb5b978a62c6_mv2.png/v1/fill/w_51,h_51,al_c,q_85,usm_0.66_1.00_0.01,blur_2,enc_avif,quality_auto/Hero-Icon-2.png]
[static.wixstatic.com/media/6f3e00_ff2d4497f1ea4e2ca668def0c47658b6_mv2.png/v1/fill/w_115,h_115,al_c,q_85,usm_0.66_1.00_0.01,blur_2,enc_avif,quality_auto/How we transform your profile 1.png]
[static.wixstatic.com/media/6f3e00_048c26dd99664b32bc0f7b577270b0c3_mv2.png/v1/fill/w_106,h_108,al_c,q_85,usm_0.66_1.00_0.01,blur_2,enc_avif,quality_auto/How we transform your profile 2.png]
[static.wixstatic.com/media/6f3e00_75bd3cc8b1344d3e97e3c3dda82b0ed4_mv2.png/v1/fill/w_115,h_112,al_c,q_85,usm_0.66_1.00_0.01,blur_2,enc_avif,quality_auto/How we transform your profile 3.png]
[static.wixstatic.com/media/6f3e00_79fd28361e24468bab0859945b963d1d_mv2.png/v1/fill/w_106,h_115,al_c,q_85,usm_0.66_1.00_0.01,blur_2,enc_avif,quality_auto/How we transform your profile 4.png]
[static.wixstatic.com/media/6f3e00_e8813e5f139b42129c4e6121caecb5a3_mv2.jpg/v1/fill/w_147,h_41,al_c,q_80,usm_0.66_1.00_0.01,blur_2,enc_avif,quality_auto/refusal-purple-bg.jpg]
[static.wixstatic.com/media/6f3e00_5f19c6a48cab4db983a96693742a9c4b_mv2.png/v1/fill/w_54,h_53,al_c,q_85,usm_0.66_1.00_0.01,blur_2,enc_avif,quality_auto/Refusal Correction Service 1.png]
[static.wixstatic.com/media/6f3e00_7cc7af68cf7f44ed929c09c71a428744_mv2.png/v1/fill/w_54,h_54,al_c,q_85,usm_0.66_1.00_0.01,blur_2,enc_avif,quality_auto/Refusal Correction Service 2.png]
[static.wixstatic.com/media/6f3e00_b78e0949baab4fd08c53b6a686e42521_mv2.png/v1/fill/w_54,h_52,al_c,q_85,usm_0.66_1.00_0.01,blur_2,enc_avif,quality_auto/Refusal Correction Service 3.png]
[static.wixstatic.com/media/6f3e00_0d3f6ed5e5d840cd96c815c217b6377c_mv2.png/v1/fill/w_53,h_54,al_c,q_85,usm_0.66_1.00_0.01,blur_2,enc_avif,quality_auto/Refusal Correction Service 4.png]
[static.wixstatic.com/media/6f3e00_ad28c6b3a486470287302699aa051edc_mv2.png/v1/fill/w_113,h_126,al_c,q_85,usm_0.66_1.00_0.01,blur_2,enc_avif,quality_auto/Refusal Correction Service 5.png]
[static.wixstatic.com/media/6f3e00_f7b2f5aeb58640549dfdc78ed842e85e_mv2.png/v1/fill/w_54,h_49,al_c,q_85,usm_0.66_1.00_0.01,blur_2,enc_avif,quality_auto/Refusal Correction Service 6.png]
[www.eazygrad.com/refusals.html]
[static.wixstatic.com/media/73fe63_3b5ae70e3aca4cb1b82332a40ba2e2ca_mv2.png/v1/fill/w_51,h_51,al_c,q_85,usm_0.66_1.00_0.01,blur_2,enc_avif,quality_auto/73fe63_3b5ae70e3aca4cb1b82332a40ba2e2ca_mv2.png]
[static.wixstatic.com/media/73fe63_b023ef54c5724fd1b053235815566a6b_mv2.png/v1/fill/w_51,h_51,al_c,q_85,usm_0.66_1.00_0.01,blur_2,enc_avif,quality_auto/73fe63_b023ef54c5724fd1b053235815566a6b_mv2.png]
[static.wixstatic.com/media/73fe63_257844d7bc7b4aad98ef97638da2b04d_mv2.png/v1/fill/w_51,h_51,al_c,q_85,usm_0.66_1.00_0.01,blur_2,enc_avif,quality_auto/73fe63_257844d7bc7b4aad98ef97638da2b04d_mv2.png]
[static.wixstatic.com/media/99bfb4_8a2058f311aa44ac9b8841098400c3d3_mv2.png/v1/fill/w_49,h_49,al_c,q_85,usm_0.66_1.00_0.01,blur_2,enc_avif,quality_auto/99bfb4_8a2058f311aa44ac9b8841098400c3d3_mv2.png]
[static.wixstatic.com/media/73fe63_d5af7f9401cb4a44a1af5f804b7bcf4a_mv2.png/v1/fill/w_51,h_51,al_c,q_85,usm_0.66_1.00_0.01,blur_2,enc_avif,quality_auto/73fe63_d5af7f9401cb4a44a1af5f804b7bcf4a_mv2.png]
[static.wixstatic.com/media/73fe63_2ea241a7dbad4c94b692590e7475d693_mv2.png/v1/fill/w_51,h_51,al_c,q_85,usm_0.66_1.00_0.01,blur_2,enc_avif,quality_auto/73fe63_2ea241a7dbad4c94b692590e7475d693_mv2.png]
[static.wixstatic.com/media/73fe63_4317e913c93e4f7c9465a3aa6d98a82b_mv2.png/v1/fill/w_51,h_51,al_c,q_85,usm_0.66_1.00_0.01,blur_2,enc_avif,quality_auto/73fe63_4317e913c93e4f7c9465a3aa6d98a82b_mv2.png]
[www.eazygrad.com/ieltsprep.html]
[static.wixstatic.com/media/11062b_f5cfd123a6984e24b0bbaac52ef5e117_mv2.jpg/v1/crop/x_833,y_0,w_3333,h_3333/fill/w_98,h_98,al_c,q_80,usm_0.66_1.00_0.01,blur_2,e/11062b_f5cfd123a6984e24b0bbaac52ef5e117_mv2.93.del]
[static.wixstatic.com/media/6f3e00_86f10fc7d39640b4932b24e7d92165ed_mv2.png/v1/fill/w_49,h_56,al_c,q_85,usm_0.66_1.00_0.01,blur_2,enc_avif,quality_auto/Layer 1.png]
[static.wixstatic.com/media/6f3e00_cfb4f08061dc4b698adece7d6680d803_mv2.jpg/v1/fill/w_121,h_81,al_c,q_80,usm_0.66_1.00_0.01,blur_2,enc_avif,quality_auto/EazyAdmissions_300x.jpg]
[static.wixstatic.com/media/f17e04_535bdf4d058d49428b56df47560afce9_mv2.png/v1/fill/w_49,h_16,al_c,q_85,usm_0.66_1.00_0.01,blur_2,enc_avif,quality_auto/1.png]
[static.wixstatic.com/media/6f3e00_ee588b02562545f883d345e2f261582a_mv2.jpg/v1/fill/w_106,h_80,al_c,q_80,usm_0.66_1.00_0.01,blur_2,enc_avif,quality_auto/service-bg-m.jpg]
[static.wixstatic.com/media/6f3e00_4849e42c74014181bb81b2e65bedf6be_mv2.jpg/v1/fill/w_113,h_74,al_c,q_80,usm_0.66_1.00_0.01,blur_2,enc_avif,quality_auto/ng-m.jpg]
[static.wixstatic.com/media/6f3e00_662602506fc849c1a717473d405a1c7e_mv2.jpg/v1/fill/w_147,h_45,al_c,q_80,usm_0.66_1.00_0.01,blur_2,enc_avif,quality_auto/bg.jpg]
[www.eazygrad.com/pricing.html]
[static.wixstatic.com/media/6f3e00_72771c71a2cc4393965357a64eb4e909_mv2.png/v1/fill/w_51,h_51,al_c,q_85,usm_0.66_1.00_0.01,blur_2,enc_avif,quality_auto/checkmark.png]
[static.wixstatic.com/media/6f3e00_6867af7ede5646fc9370e9305e0c7017_mv2.png/v1/fill/w_51,h_51,al_c,q_85,usm_0.66_1.00_0.01,blur_2,enc_avif,quality_auto/university.png]
[static.wixstatic.com/media/6f3e00_cdbc968720b24bfd9f5399dbc6d0a002_mv2.png/v1/fill/w_51,h_51,al_c,q_85,usm_0.66_1.00_0.01,blur_2,enc_avif,quality_auto/business-profile.png]
[static.wixstatic.com/media/6f3e00_17e67c18a9614d4599dbc8c9ec5e197f_mv2.png/v1/fill/w_51,h_51,al_c,q_85,usm_0.66_1.00_0.01,blur_2,enc_avif,quality_auto/credibility.png]
[static.wixstatic.com/media/6f3e00_8c0f59aef83f47e9b153180fdf5441e1_mv2.jpg/v1/fill/w_121,h_81,al_c,q_80,usm_0.66_1.00_0.01,blur_2,enc_avif,quality_auto/EazyAdmissions_300x2.jpg]
[static.wixstatic.com/media/6f3e00_ea6ce28637c8484592accdaa6d8476df_mv2.jpg/v1/fill/w_121,h_81,al_c,q_80,usm_0.66_1.00_0.01,blur_2,enc_avif,quality_auto/EazyAdmissions_300x3.jpg]
[static.wixstatic.com/media/f17e04_809ba744351e481fae3a4b339e109342_mv2.png/v1/fill/w_49,h_16,al_c,q_85,usm_0.66_1.00_0.01,blur_2,enc_avif,quality_auto/2.png]
[static.wixstatic.com/media/6f3e00_f85584b9dbfa409e85bc68af498d5f19_mv2.jpg/v1/fill/w_113,h_95,al_c,q_80,usm_0.66_1.00_0.01,blur_2,enc_avif,quality_auto/service-bg-mob.jpg]
[static.wixstatic.com/media/6f3e00_17ebeefb900548abba7a8cfec2c2e16d_mv2.png/v1/fill/w_49,h_33,al_c,q_85,usm_0.66_1.00_0.01,blur_2,enc_avif,quality_auto/EazyHive_300x03.png]
[static.wixstatic.com/media/f17e04_d3d3cbf58c8c4cd9a56d06dedc0a6a96_mv2.png/v1/fill/w_49,h_16,al_c,q_85,usm_0.66_1.00_0.01,blur_2,enc_avif,quality_auto/Untitled design (29).png]
[static.wixstatic.com/media/6f3e00_82bd69611f6c4414927fb327d627700e_mv2.jpg/v1/fill/w_106,h_69,al_c,q_80,usm_0.66_1.00_0.01,blur_2,enc_avif,quality_auto/mbg-service.jpg]
[static.wixstatic.com/media/6f3e00_5e6162f313ee425c855b48b28bcd4b62_mv2.png/v1/fill/w_49,h_33,al_c,q_85,usm_0.66_1.00_0.01,blur_2,enc_avif,quality_auto/EazyMove_300x.png]
[www.eazygrad.com/services.html]
[static.wixstatic.com/media/6f3e00_007eed71cbbe4e198099212033747fc3_mv2.png/v1/fill/w_100,h_80,al_c,q_85,usm_0.66_1.00_0.01,blur_2,enc_avif,quality_auto/about-mob-banner.png]
[static.wixstatic.com/media/6f3e00_688d4ca4a2544cf18b67bd8875f8ce76_mv2.png/v1/fill/w_49,h_14,al_c,q_85,usm_0.66_1.00_0.01,blur_2,enc_avif,quality_auto/aboit-banner.png]
[static.wixstatic.com/media/6f3e00_d4786b63598e40e0aed7c405fa5bdc9e_mv2.png/v1/fill/w_55,h_69,al_c,q_85,usm_0.66_1.00_0.01,blur_2,enc_avif,quality_auto/Jemima.png]
[static.wixstatic.com/media/6f3e00_1a52869e357248f98ada84dac70131e0_mv2.png/v1/fill/w_49,h_34,al_c,q_85,usm_0.66_1.00_0.01,blur_2,enc_avif,quality_auto/Collage Image.png]
[static.wixstatic.com/media/6f3e00_2bbaa3c44ec6471db1c962b5528c3e78_mv2.png/v1/fill/w_125,h_125,al_c,q_85,blur_3,enc_avif,quality_auto/Competitive-Compensation.png]
[static.wixstatic.com/media/6f3e00_93986681786a4e57a8d991cd5478a66c_mv2.png/v1/fill/w_125,h_125,al_c,q_85,blur_3,enc_avif,quality_auto/Flexible-Hours.png]
[static.wixstatic.com/media/6f3e00_f8abaafc1a7846eb94bbad05a499ae6b_mv2.png/v1/fill/w_125,h_125,al_c,q_85,blur_3,enc_avif,quality_auto/Remote-Working.png]
[static.wixstatic.com/media/6f3e00_0def767fe95a47ff92a129f8e060ff63_mv2.png/v1/fill/w_125,h_125,al_c,q_85,blur_3,enc_avif,quality_auto/Upskilling.png]
[static.wixstatic.com/media/6f3e00_83a7a1b477004d91b2715d5b5f119870_mv2.png/v1/fill/w_49,h_14,al_c,q_85,usm_0.66_1.00_0.01,blur_2,enc_avif,quality_auto/about-2-banner.png]
[static.wixstatic.com/media/6f3e00_f6d843e9ef854ed1b807b76b3e4e6a2b_mv2.png/v1/fill/w_105,h_75,al_c,q_85,usm_0.66_1.00_0.01,blur_2,enc_avif,quality_auto/mob-2banner.png]
[static.wixstatic.com/media/6f3e00_fbb63af125ec42da88312505c96442a3_mv2.png/v1/fill/w_90,h_98,al_c,q_85,usm_0.66_1.00_0.01,blur_2,enc_avif,quality_auto/click.png]
[static.wixstatic.com/media/6f3e00_993819d5af8047329784d776750abf09_mv2.png/v1/fill/w_125,h_125,al_c,q_85,blur_3,enc_avif,quality_auto/Birthday-Gift.png]
[static.wixstatic.com/media/6f3e00_738897a898384945ac172833cf29e828_mv2.png/v1/fill/w_125,h_125,al_c,q_85,blur_3,enc_avif,quality_auto/Scholarship.png]
[static.wixstatic.com/media/6f3e00_1521f6551d86469a85ff8602e3191bb7_mv2.png/v1/fill/w_125,h_125,al_c,q_85,blur_3,enc_avif,quality_auto/Refferal.png]
[static.wixstatic.com/media/6f3e00_cfec2c3d839546cba829c13186b2fef8_mv2.png/v1/fill/w_125,h_125,al_c,q_85,blur_3,enc_avif,quality_auto/Cultfit-.png]
[static.wixstatic.com/media/6f3e00_7e20e0c1fbe04b14a6822ff019a71196_mv2.png/v1/fill/w_125,h_125,al_c,q_85,blur_3,enc_avif,quality_auto/Course.png]
[static.wixstatic.com/media/6f3e00_8f12a62dc1b545df85f80073f34e6685_mv2.png/v1/fill/w_49,h_48,al_c,q_85,usm_0.66_1.00_0.01,blur_2,enc_avif,quality_auto/half-pie.png]
[static.wixstatic.com/media/6f3e00_57f2aceb18034c669636520f52d7c60e_mv2.jpg/v1/fill/w_113,h_85,al_c,q_80,usm_0.66_1.00_0.01,blur_2,enc_avif,quality_auto/Be-Part-Of-Our-Journey.jpg]
[static.wixstatic.com/media/6f3e00_4c1be334df0f4488ba3e71f0e6eab636_mv2.jpg/v1/fill/w_113,h_85,al_c,q_80,usm_0.66_1.00_0.01,blur_2,enc_avif,quality_auto/Be-Part-Of-Our-Journey-(1).jpg]
[static.wixstatic.com/media/6f3e00_bab4dd86aaa64f47b1eaafd78cc72a84_mv2.jpg/v1/fill/w_113,h_85,al_c,q_80,usm_0.66_1.00_0.01,blur_2,enc_avif,quality_auto/Be-Part-Of-Our-Journey-(3).jpg]
[static.wixstatic.com/media/6f3e00_8aefa03913a84be4bdfb4c7491373968_mv2.jpg/v1/fill/w_113,h_85,al_c,q_80,usm_0.66_1.00_0.01,blur_2,enc_avif,quality_auto/Be-Part-Of-Our-Journey-(2).jpg]
[www.eazygrad.com/about.html]
[static.parastorage.com/services/form-app/1.1402.0/client-viewer/2437.chunk.min.js]
[static.parastorage.com/services/form-app/1.1402.0/client-viewer/7875.chunk.min.js]
[static.parastorage.com/services/form-app/1.1402.0/client-viewer/8214.chunk.min.js]
[static.parastorage.com/services/form-app/1.1402.0/client-viewer/7310.chunk.min.js]
[static.parastorage.com/services/form-app/1.1402.0/client-viewer/form-app-contacts-phone.chunk.min.js]
[static.parastorage.com/services/form-app/1.1402.0/client-viewer/3959.chunk.min.js]
[static.parastorage.com/services/form-app/1.1402.0/client-viewer/form-app-dropdown.chunk.min.js]
[static.wixstatic.com/media/aad591_f4c8986e0ca64206a3facd89c572e0f7_mv2.png/v1/fill/w_32,h_32/aad591_f4c8986e0ca64206a3facd89c572e0f7_mv2.png]
[static.wixstatic.com/media/aad591_1adf46590bf345ada5dfc8d65ca94af7_mv2.png/v1/fill/w_90,h_90,al_c,q_85,usm_0.66_1.00_0.01,blur_3,enc_avif,quality_auto/aad591_1adf46590bf345ada5dfc8d65ca94af7_mv2.png]
[static.wixstatic.com/media/aad591_13a031572c884be398e791c662a0976f_mv2.png/v1/fill/w_49,h_49,al_c,q_85,usm_0.66_1.00_0.01,blur_2,enc_avif,quality_auto/1200px-United-states_flag_icon_round_svg.png]
[static.wixstatic.com/media/aad591_18611d97187b4d5ea8f064ba5602ff45_mv2.png/v1/fill/w_60,h_60,al_c,q_85,blur_3,enc_avif,quality_auto/vecteezy_circle-flag-vector-of-uk_11074562.png]
[static.wixstatic.com/media/aad591_3ccd822fe09a4f6099aa770348723582_mv2.png/v1/fill/w_60,h_60,al_c,q_85,blur_3,enc_avif,quality_auto/circle-flag-of-canada-free-png.png]
[static.wixstatic.com/media/aad591_f6c3a28b7c7341f69a1b4aff4eac89a2_mv2.png/v1/fill/w_60,h_60,al_c,q_85,blur_3,enc_avif,quality_auto/circle-flag-of-ireland-free-png.png]
[static.wixstatic.com/media/aad591_52ffe082db4d46e181b354e98140c613_mv2.png/v1/fill/w_86,h_33,al_c,q_85,usm_0.66_1.00_0.01,blur_2,enc_avif,quality_auto/4_9_stars_-_Google_Reviews_wp5iuS0_max-855x1000.png]
[static.wixstatic.com/media/aad591_3ed7f8afa18b4e52889419f2f97807ae_mv2.png/v1/fill/w_100,h_100,al_c,q_85,usm_0.66_1.00_0.01,blur_2,enc_avif,quality_auto/circle-flag-of-new-zealand-free-png.png]
[static.wixstatic.com/media/aad591_e73720fdcb47416eb28a194c5a6cfa3f_mv2.png/v1/fill/w_60,h_60,al_c,q_85,blur_3,enc_avif,quality_auto/Australia_flag_icon_round_svg.png]
[static.wixstatic.com/media/aad591_b70eca69ef7f4a81b5827362c7bd6d2d_mv2.png/v1/fill/w_160,h_64,al_c,q_85,usm_0.66_1.00_0.01,blur_3,enc_avif,quality_auto/aad591_b70eca69ef7f4a81b5827362c7bd6d2d_mv2.png]
[static.wixstatic.com/media/aad591_f15d59c4de3445f495a318310a3917e0_mv2.png/v1/fill/w_60,h_60,al_c,q_85,blur_3,enc_avif,quality_auto/Australia_flag_icon_round_svg.png]
[www.eazygrad.com/registration.html]
[static.parastorage.com/services/form-app/1.1402.0/FormViewerWidgetNoCss.bundle.min.js]
[static.wixstatic.com/media/99bfb4_4c35a4f77cfc44b08b0235ad289c521e_mv2.png/v1/fill/w_47,h_39,al_c,q_85,usm_0.66_1.00_0.01,blur_2,enc_avif,quality_auto/Colorful Greeting Happy Working Facebook Post.png]
[static.wixstatic.com/media/99bfb4_f3f1d3ec3ba345f09ec12e7a33b3ee98_mv2.png/v1/fill/w_47,h_39,al_c,q_85,usm_0.66_1.00_0.01,blur_2,enc_avif,quality_auto/Colorful Greeting Happy Working Facebook Post (1).png]
[static.wixstatic.com/media/99bfb4_6526066c7cdd4ea389b26e8b581896c2_mv2.png/v1/fill/w_47,h_39,al_c,q_85,usm_0.66_1.00_0.01,blur_2,enc_avif,quality_auto/Colorful Greeting Happy Working Facebook Post (2).png]
[www.eazygrad.com/contact.html]
[static.wixstatic.com/media/6f3e00_6d26f3f4471d41788aae4cf05cb21741_mv2.png/v1/fill/w_100,h_57,al_c,q_85,usm_0.66_1.00_0.01,blur_3,enc_avif,quality_auto/6f3e00_6d26f3f4471d41788aae4cf05cb21741_mv2.png]
[www.eazygrad.com/_files/ugd/Australia%20Guide.pdf_; filename_=UTF-8''Australia%20Guide.pdf]
[static.wixstatic.com/media/6f3e00_35ebfa95e41a4085a4315cfe490c4a79_mv2.png/v1/fill/w_61,h_61,al_c,q_85,usm_0.66_1.00_0.01,blur_2,enc_avif,quality_auto/Why choose Australia 1.png]
[static.wixstatic.com/media/6f3e00_9061b04482cd4f2292492d9db3123486_mv2.png/v1/fill/w_61,h_60,al_c,q_85,usm_0.66_1.00_0.01,blur_2,enc_avif,quality_auto/Why choose Australia 2.png]
[static.wixstatic.com/media/6f3e00_3de788ffdc754907b7d8758c3ef1e99e_mv2.png/v1/fill/w_58,h_58,al_c,q_85,usm_0.66_1.00_0.01,blur_2,enc_avif,quality_auto/Why choose Australia 3.png]
[static.wixstatic.com/media/6f3e00_2f3762e0c04646eb9589a2fc6012f08b_mv2.png/v1/fill/w_51,h_57,al_c,q_85,usm_0.66_1.00_0.01,blur_2,enc_avif,quality_auto/Why choose Australia 4.png]
[static.wixstatic.com/media/6f3e00_8ae487acf85548c889603e5cf4fef02e_mv2.png/v1/fill/w_49,h_80,al_c,q_85,usm_0.66_1.00_0.01,blur_2,enc_avif,quality_auto/FAQ 1.png]
[static.wixstatic.com/media/6f3e00_70edb163dfb047e0a140e4729370578f_mv2.png/v1/fill/w_49,h_18,al_c,q_85,usm_0.66_1.00_0.01,blur_2,enc_avif,quality_auto/FAQ 2 (1).png]
[static.wixstatic.com/media/6f3e00_0f79858514ad45d4bd6489dc89c01954_mv2.jpg/v1/fill/w_147,h_39,al_c,q_80,usm_0.66_1.00_0.01,blur_2,enc_avif,quality_auto/University of New South Wales.jpg]
[static.wixstatic.com/media/6f3e00_d5e81730926b4d22be2cf54e133201e3_mv2.png/v1/fill/w_95,h_33,al_c,q_85,usm_0.66_1.00_0.01,blur_2,enc_avif,quality_auto/University of Newcastle.png]
[static.wixstatic.com/media/6f3e00_9024fde9bbc4482a9ff3c1e021a9879e_mv2.png/v1/fill/w_118,h_55,al_c,q_85,usm_0.66_1.00_0.01,blur_2,enc_avif,quality_auto/University of Wollongong.png]
[static.wixstatic.com/media/6f3e00_18d1e1430e62434f8dab2c951b003d58_mv2.png/v1/fill/w_49,h_17,al_c,q_85,usm_0.66_1.00_0.01,blur_2,enc_avif,quality_auto/Curtin University.png]
[static.wixstatic.com/media/6f3e00_17b473b9ae3446bf84ecf5def5d4d457_mv2.png/v1/fill/w_125,h_48,al_c,q_85,usm_0.66_1.00_0.01,blur_2,enc_avif,quality_auto/Griffith University.png]
[static.wixstatic.com/media/6f3e00_d5ef72ad6e6c431781d593c6f77ff61f_mv2.png/v1/fill/w_64,h_20,al_c,q_85,usm_0.66_1.00_0.01,blur_2,enc_avif,quality_auto/Monash University.png]
[static.wixstatic.com/media/6f3e00_4a4818d37eee4c21bf85d1d147c3c1ab_mv2.png/v1/fill/w_110,h_29,al_c,q_85,usm_0.66_1.00_0.01,blur_2,enc_avif,quality_auto/University of Queensland.png]
[static.wixstatic.com/media/6f3e00_1aac027b20e1458fae72ba4f09c51502_mv2.png/v1/fill/w_49,h_15,al_c,q_85,usm_0.66_1.00_0.01,blur_2,enc_avif,quality_auto/Macquarie University.png]
[static.wixstatic.com/media/6f3e00_69397a6e8d3f4484b48143b573d07503_mv2.png/v1/fill/w_55,h_40,al_c,q_85,usm_0.66_1.00_0.01,blur_2,enc_avif,quality_auto/University of Adelaide.png]
[static.wixstatic.com/media/6f3e00_82f1b1e860734f6a85852a7abbc2697d_mv2.png/v1/fill/w_51,h_51,al_c,q_85,usm_0.66_1.00_0.01,blur_2,enc_avif,quality_auto/calendar.png]
[static.wixstatic.com/media/6f3e00_52f734a224494347a1ce421863976a05_mv2.png/v1/fill/w_51,h_51,al_c,q_85,usm_0.66_1.00_0.01,blur_2,enc_avif,quality_auto/languages.png]
[static.wixstatic.com/media/6f3e00_e2b83a3152064aa3ba72171204d515d4_mv2.png/v1/fill/w_51,h_51,al_c,q_85,usm_0.66_1.00_0.01,blur_2,enc_avif,quality_auto/graduates.png]
[static.wixstatic.com/media/6f3e00_a7c28057d8ea4912bf93bb6834976019_mv2.png/v1/fill/w_51,h_51,al_c,q_85,usm_0.66_1.00_0.01,blur_2,enc_avif,quality_auto/volume.png]
[static.wixstatic.com/media/6f3e00_1ed9360fb85a4553ae27e83b8b4ddda8_mv2.png/v1/fill/w_51,h_51,al_c,q_85,usm_0.66_1.00_0.01,blur_2,enc_avif,quality_auto/passport.png]
[static.wixstatic.com/media/6f3e00_65c65cfdab924e5ab9535a3395198da3_mv2.png/v1/fill/w_51,h_51,al_c,q_85,usm_0.66_1.00_0.01,blur_2,enc_avif,quality_auto/exchanging.png]
[static.wixstatic.com/media/6f3e00_917dae0aadb144b291b1f6175d700c35_mv2.png/v1/fill/w_51,h_51,al_c,q_85,usm_0.66_1.00_0.01,blur_2,enc_avif,quality_auto/pencil.png]
[static.wixstatic.com/media/6f3e00_eeeb6c6092d74295a2d9d556b1c62ebf_mv2.jpeg/v1/fill/w_138,h_78,al_c,q_80,usm_0.66_1.00_0.01,blur_2,enc_avif,quality_auto/Australian National University.jpg]
[static.wixstatic.com/media/6f3e00_df1cf9b731b3469c80a59e3cc37a8928_mv2.jpeg/v1/fill/w_108,h_72,al_c,q_80,usm_0.66_1.00_0.01,blur_2,enc_avif,quality_auto/Monash University.jpg]
[static.wixstatic.com/media/6f3e00_cb3129ae514e4c1ab8f7ffbb1f26eca1_mv2.jpg/v1/fill/w_147,h_110,al_c,q_80,usm_0.66_1.00_0.01,blur_2,enc_avif,quality_auto/The University of Adelaide.jpg]
[static.wixstatic.com/media/6f3e00_1205617645594548ab6a6acfa6ef4e07_mv2.jpg/v1/fill/w_141,h_63,al_c,q_80,usm_0.66_1.00_0.01,blur_2,enc_avif,quality_auto/The University of Melbourne.jpg]
[static.wixstatic.com/media/6f3e00_7b3ae30be7a345d58c5640068c4da6f2_mv2.jpg/v1/fill/w_147,h_83,al_c,q_80,usm_0.66_1.00_0.01,blur_2,enc_avif,quality_auto/The University of New South Wales.jpg]
[static.wixstatic.com/media/6f3e00_40ec09b027f24a56b2a2d39fc90b99d2_mv2.jpg/v1/fill/w_151,h_72,al_c,q_80,usm_0.66_1.00_0.01,blur_2,enc_avif,quality_auto/The University of Queensland.jpg]
[static.wixstatic.com/media/6f3e00_cd3032f778204507b9215b34bc5fa7b6_mv2.png/v1/fill/w_60,h_40,al_c,q_85,usm_0.66_1.00_0.01,blur_2,enc_avif,quality_auto/The University of Sydney.png]
[static.wixstatic.com/media/6f3e00_f1e1d6c48097429fabe9fe49609d860f_mv2.jpg/v1/fill/w_147,h_64,al_c,q_80,usm_0.66_1.00_0.01,blur_2,enc_avif,quality_auto/The University of Western Australia .jpg]
[static.wixstatic.com/media/6f3e00_2282a6dfe6164c25a3ff30d1565245ae_mv2.png/v1/fill/w_51,h_51,al_c,q_85,usm_0.66_1.00_0.01,blur_2,enc_avif,quality_auto/english.png]
[static.wixstatic.com/media/6f3e00_46817154c7414d968707875fbae8b44f_mv2.png/v1/fill/w_51,h_51,al_c,q_85,usm_0.66_1.00_0.01,blur_2,enc_avif,quality_auto/financial-statement.png]
[static.wixstatic.com/media/6f3e00_0daaa4cc834d49b49174c736419d02ad_mv2.png/v1/fill/w_51,h_51,al_c,q_85,usm_0.66_1.00_0.01,blur_2,enc_avif,quality_auto/visa.png]
[static.wixstatic.com/media/6f3e00_be193482fd024fd2a5174c0319b19385_mv2.png/v1/fill/w_51,h_51,al_c,q_85,usm_0.66_1.00_0.01,blur_2,enc_avif,quality_auto/bill.png]
[static.wixstatic.com/media/6f3e00_5c12632efcb349739d15e3e3123ee6bf_mv2.png/v1/fill/w_51,h_51,al_c,q_85,usm_0.66_1.00_0.01,blur_2,enc_avif,quality_auto/letter (1).png]
[static.wixstatic.com/media/6f3e00_3ae8f0a99ca6484a8b6ae5e72935f560_mv2.png/v1/fill/w_51,h_51,al_c,q_85,usm_0.66_1.00_0.01,blur_2,enc_avif,quality_auto/transcript.png]
[static.wixstatic.com/media/6f3e00_faf3abf2cf8443bd815a874327cb2939_mv2.png/v1/fill/w_51,h_51,al_c,q_85,usm_0.66_1.00_0.01,blur_2,enc_avif,quality_auto/letter.png]
[static.wixstatic.com/media/6f3e00_02fe05bbc41f4c3eb5ce1e30dc16d314_mv2.png/v1/fill/w_51,h_51,al_c,q_85,usm_0.66_1.00_0.01,blur_2,enc_avif,quality_auto/statement.png]
[static.wixstatic.com/media/6f3e00_2bf32b5c8cfa47aea71ec09abda421d0_mv2.png/v1/fill/w_51,h_51,al_c,q_85,usm_0.66_1.00_0.01,blur_2,enc_avif,quality_auto/score.png]
[static.wixstatic.com/media/6f3e00_1d57b5770f7648f192b78f41be9b2fdd_mv2.png/v1/fill/w_51,h_51,al_c,q_85,usm_0.66_1.00_0.01,blur_2,enc_avif,quality_auto/resume.png]
[static.wixstatic.com/media/6f3e00_f50f97b18cd340db8905b74da889c78e_mv2.png/v1/fill/w_49,h_18,al_c,q_85,usm_0.66_1.00_0.01,blur_2,enc_avif,quality_auto/aust-banner01.png]
[static.wixstatic.com/media/6f3e00_1b633021b8cb4641b03aa9c212dc53f5_mv2.jpg/v1/fill/w_113,h_105,al_c,q_80,usm_0.66_1.00_0.01,blur_2,enc_avif,quality_auto/mobile-aus.jpg]
[static.wixstatic.com/media/6f3e00_3372dbf2639146cd8e117f510d2aa3ac_mv2.png/v1/fill/w_51,h_51,al_c,q_85,usm_0.66_1.00_0.01,blur_2,enc_avif,quality_auto/mortarboard.png]
[static.wixstatic.com/media/6f3e00_eb5e52fd44b54d0cbbf9a6c3322b2393_mv2.png/v1/fill/w_51,h_51,al_c,q_85,usm_0.66_1.00_0.01,blur_2,enc_avif,quality_auto/dollar.png]
[static.wixstatic.com/media/6f3e00_77f5e5ef8d3f4207bb32617d3ec1a310_mv2.jpg/v1/fill/w_147,h_54,al_c,q_80,usm_0.66_1.00_0.01,blur_2,enc_avif,quality_auto/foot-aust-banner.jpg]
[static.wixstatic.com/media/6f3e00_7e94fe244a3c4cc98f49f1a91cba3cbe_mv2.jpg/v1/fill/w_113,h_105,al_c,q_80,usm_0.66_1.00_0.01,blur_2,enc_avif,quality_auto/foot-aust-banner-m.jpg]
[www.eazygrad.com/australia.html]
[static.wixstatic.com/media/6f3e00_a8204fdf72c445b69ed21aa7817f9e9c_mv2.jpg/v1/fill/w_100,h_57,al_c,q_80,usm_0.66_1.00_0.01,blur_3,enc_avif,quality_auto/6f3e00_a8204fdf72c445b69ed21aa7817f9e9c_mv2.jpg]
[www.eazygrad.com/_files/ugd/Canada%20Guide.pdf_; filename_=UTF-8''Canada%20Guide.pdf]
[static.wixstatic.com/media/6f3e00_e2ed158048b8431eb09831780809f2cf_mv2.png/v1/fill/w_110,h_113,al_c,q_85,usm_0.66_1.00_0.01,blur_2,enc_avif,quality_auto/Why choose Canada 1.png]
[static.wixstatic.com/media/6f3e00_bea3302e30184fc48a0aaf81b64db7f6_mv2.png/v1/fill/w_112,h_113,al_c,q_85,usm_0.66_1.00_0.01,blur_2,enc_avif,quality_auto/Why choose Canada 2.png]
[static.wixstatic.com/media/6f3e00_df543d4690bf40fdada7529b98322ab9_mv2.png/v1/fill/w_110,h_110,al_c,q_85,usm_0.66_1.00_0.01,blur_2,enc_avif,quality_auto/Why choose Canada 3.png]
[static.wixstatic.com/media/6f3e00_298440465f2b43269c8dcc8d66d90bc6_mv2.png/v1/fill/w_114,h_113,al_c,q_85,usm_0.66_1.00_0.01,blur_2,enc_avif,quality_auto/Why choose Canada 4.png]
[static.wixstatic.com/media/6f3e00_74f668fc028742c08e1cd52e632c8c97_mv2.png/v1/fill/w_49,h_146,al_c,q_85,usm_0.66_1.00_0.01,blur_2,enc_avif,quality_auto/FAQ.png]
[static.wixstatic.com/media/6f3e00_e562687b19484a8dace7ab38d752a808_mv2.png/v1/fill/w_49,h_21,al_c,q_85,usm_0.66_1.00_0.01,blur_2,enc_avif,quality_auto/FAQ 2.png]
[static.wixstatic.com/media/6f3e00_ca5f7e5008f748cfa5c44dcd09e0b612_mv2.jpg/v1/fill/w_147,h_68,al_c,q_80,usm_0.66_1.00_0.01,blur_2,enc_avif,quality_auto/Fairleigh Dickinson University.jpg]
[static.wixstatic.com/media/6f3e00_789b96321e2443b6851a389424d3a68d_mv2.jpeg/v1/fill/w_108,h_72,al_c,q_80,usm_0.66_1.00_0.01,blur_2,enc_avif,quality_auto/Fanshawe College.jpg]
[static.wixstatic.com/media/6f3e00_965ed6c4035145368fd812205c9da173_mv2.png/v1/fill/w_49,h_33,al_c,q_85,usm_0.66_1.00_0.01,blur_2,enc_avif,quality_auto/University of Waterloo.png]
[static.wixstatic.com/media/6f3e00_0d67e8ea769d4503817806616a5ff054_mv2.jpg/v1/fill/w_135,h_101,al_c,q_80,usm_0.66_1.00_0.01,blur_2,enc_avif,quality_auto/University of Victoria.jpg]
[static.wixstatic.com/media/6f3e00_da437f24df1c4a15b532fc70030a4d3c_mv2.jpg/v1/fill/w_147,h_83,al_c,q_80,usm_0.66_1.00_0.01,blur_2,enc_avif,quality_auto/George Brown College.jpg]
[static.wixstatic.com/media/6f3e00_133bda35105941c08d4a7339f67f73c6_mv2.jpeg/v1/fill/w_108,h_72,al_c,q_80,usm_0.66_1.00_0.01,blur_2,enc_avif,quality_auto/Georgian College.jpg]
[static.wixstatic.com/media/6f3e00_10c62b21d4e849a98023be3dc923edaf_mv2.jpg/v1/fill/w_147,h_98,al_c,q_80,usm_0.66_1.00_0.01,blur_2,enc_avif,quality_auto/University of Manitoba.jpg]
[static.wixstatic.com/media/6f3e00_14ff4797b8fc47c488fd8e6ef5d3a494_mv2.jpg/v1/fill/w_147,h_110,al_c,q_80,usm_0.66_1.00_0.01,blur_2,enc_avif,quality_auto/Toronto Metropolitan University.jpg]
[static.wixstatic.com/media/6f3e00_ffc5d143f29f47b3b9481a0683b08e34_mv2.png/v1/fill/w_63,h_20,al_c,q_85,usm_0.66_1.00_0.01,blur_2,enc_avif,quality_auto/Durham.png]
[static.wixstatic.com/media/6f3e00_23a9815ba2c046f78d2468b57a17d6c1_mv2.png/v1/fill/w_63,h_20,al_c,q_85,usm_0.66_1.00_0.01,blur_2,enc_avif,quality_auto/Conestoga.png]
[static.wixstatic.com/media/6f3e00_8f3941d0b4264c9cb33231ca2be6dd35_mv2.png/v1/fill/w_63,h_20,al_c,q_85,usm_0.66_1.00_0.01,blur_2,enc_avif,quality_auto/Northern-College-Timmins.png]
[static.wixstatic.com/media/6f3e00_8584e04105de4d4f95b008d72103b463_mv2.png/v1/fill/w_63,h_20,al_c,q_85,usm_0.66_1.00_0.01,blur_2,enc_avif,quality_auto/Fleming.png]
[static.wixstatic.com/media/6f3e00_b9979c5929df4d55adc37f7599bc1718_mv2.png/v1/fill/w_160,h_80,al_c,q_85,blur_3,enc_avif,quality_auto/Niagara.png]
[static.wixstatic.com/media/6f3e00_980fe5fbba2e483b8e3e3581b1dda735_mv2.png/v1/fill/w_63,h_20,al_c,q_85,usm_0.66_1.00_0.01,blur_2,enc_avif,quality_auto/Georgian.png]
[static.wixstatic.com/media/6f3e00_5c799db43cc3491e884d64a8f64061f7_mv2.png/v1/fill/w_51,h_51,al_c,q_85,usm_0.66_1.00_0.01,blur_2,enc_avif,quality_auto/boarding-pass.png]
[www.eazygrad.com/waiver.html]
[static.wixstatic.com/media/6f3e00_fcfbad97c46b4e408a57024d3b553af5_mv2.png/v1/fill/w_51,h_51,al_c,q_85,usm_0.66_1.00_0.01,blur_2,enc_avif,quality_auto/folder.png]
[static.wixstatic.com/media/6f3e00_509ab935c06a41ca8061b2459c36bccf_mv2.png/v1/fill/w_51,h_51,al_c,q_85,usm_0.66_1.00_0.01,blur_2,enc_avif,quality_auto/consent.png]
[static.wixstatic.com/media/6f3e00_1e92befb961c4e6bb6c429aaca40ee33_mv2.png/v1/fill/w_51,h_51,al_c,q_85,usm_0.66_1.00_0.01,blur_2,enc_avif,quality_auto/finance.png]
[static.wixstatic.com/media/6f3e00_daa96409fe7840a9abf514300faed638_mv2.png/v1/fill/w_51,h_51,al_c,q_85,usm_0.66_1.00_0.01,blur_2,enc_avif,quality_auto/letter.png]
[static.wixstatic.com/media/6f3e00_4f47353ddb1647babc8364668e00b09a_mv2.png/v1/fill/w_49,h_16,al_c,q_85,usm_0.66_1.00_0.01,blur_2,enc_avif,quality_auto/canda-foot-bg.png]
[static.wixstatic.com/media/6f3e00_20d649bfb2564e6bbb34eda9b807d4a3_mv2.png/v1/fill/w_113,h_88,al_c,q_85,usm_0.66_1.00_0.01,blur_2,enc_avif,quality_auto/mobile-canada-foot.png]
[www.eazygrad.com/canada.html]
[static.wixstatic.com/media/6f3e00_310d37515d474923b3ecae5795cc26fb_mv2.png/v1/fill/w_100,h_57,al_c,q_85,usm_0.66_1.00_0.01,blur_3,enc_avif,quality_auto/6f3e00_310d37515d474923b3ecae5795cc26fb_mv2.png]
[www.eazygrad.com/_files/ugd/Ireland%20Guide.pdf_; filename_=UTF-8''Ireland%20Guide.pdf]
[static.wixstatic.com/media/6f3e00_8808495d0d7540e0b92bcd819fe3fdd1_mv2.png/v1/fill/w_51,h_51,al_c,q_85,usm_0.66_1.00_0.01,blur_2,enc_avif,quality_auto/Why-choose-Ireland-1.png]
[static.wixstatic.com/media/6f3e00_6e3bb1db2b1643608cc78845dad6662d_mv2.png/v1/fill/w_51,h_51,al_c,q_85,usm_0.66_1.00_0.01,blur_2,enc_avif,quality_auto/Why-choose-Ireland-2.png]
[static.wixstatic.com/media/6f3e00_11792332f9314e7281ae945b622d6aa9_mv2.png/v1/fill/w_51,h_51,al_c,q_85,usm_0.66_1.00_0.01,blur_2,enc_avif,quality_auto/Why-choose-Ireland-3.png]
[static.wixstatic.com/media/6f3e00_edc3fa4f5d444c00b365d6649aa8fe89_mv2.png/v1/fill/w_51,h_51,al_c,q_85,usm_0.66_1.00_0.01,blur_2,enc_avif,quality_auto/Why-choose-Ireland-4.png]
[static.wixstatic.com/media/6f3e00_b5d9c51affdd434ab4f5043c8c07b8ca_mv2.png/v1/fill/w_49,h_126,al_c,q_85,usm_0.66_1.00_0.01,blur_2,enc_avif,quality_auto/FAQ collage 1.png]
[static.wixstatic.com/media/6f3e00_24d20060303a4bee9dd47274b7d9e632_mv2.png/v1/fill/w_49,h_19,al_c,q_85,usm_0.66_1.00_0.01,blur_2,enc_avif,quality_auto/FAQ collage 2.png]
[static.wixstatic.com/media/6f3e00_0cd28525b1fa4dc889980516f69125af_mv2.png/v1/fill/w_49,h_28,al_c,q_85,usm_0.66_1.00_0.01,blur_2,enc_avif,quality_auto/Technological University Dublin.png]
[static.wixstatic.com/media/6f3e00_851f52a1cbf946868b53e007ac96084f_mv2.jpg/v1/fill/w_147,h_51,al_c,q_80,usm_0.66_1.00_0.01,blur_2,enc_avif,quality_auto/Trinity College Dublin.jpg]
[static.wixstatic.com/media/6f3e00_eb80be21c42b42ce9b776f379de0991a_mv2.jpg/v1/fill/w_147,h_56,al_c,q_80,usm_0.66_1.00_0.01,blur_2,enc_avif,quality_auto/University College Dublin.jpg]
[static.wixstatic.com/media/6f3e00_66c90161ec4e40839df2012393f07410_mv2.png/v1/fill/w_90,h_50,al_c,q_85,usm_0.66_1.00_0.01,blur_2,enc_avif,quality_auto/National College of Ireland.png]
[static.wixstatic.com/media/6f3e00_8835d49475e34d6ba6d94f8e66625e11_mv2.png/v1/fill/w_49,h_28,al_c,q_85,usm_0.66_1.00_0.01,blur_2,enc_avif,quality_auto/Dublin Business School.png]
[static.wixstatic.com/media/6f3e00_5f09ad0fbab945b9bac791d594ed43f1_mv2.png/v1/fill/w_74,h_75,al_c,q_85,usm_0.66_1.00_0.01,blur_2,enc_avif,quality_auto/Dublin City University.png]
[static.wixstatic.com/media/6f3e00_8a5492a0cc35438fa8a40fdff8038998_mv2.png/v1/fill/w_60,h_36,al_c,q_85,usm_0.66_1.00_0.01,blur_2,enc_avif,quality_auto/Griffith College.png]
[static.wixstatic.com/media/6f3e00_6d00e9c890674386a68d5928cd85e22a_mv2.png/v1/fill/w_49,h_23,al_c,q_85,usm_0.66_1.00_0.01,blur_2,enc_avif,quality_auto/University of Cork.png]
[static.wixstatic.com/media/6f3e00_369f1e0579c0402480c872842f1e013d_mv2.jpg/v1/fill/w_147,h_61,al_c,q_80,usm_0.66_1.00_0.01,blur_2,enc_avif,quality_auto/University College Dublin.jpg]
[static.wixstatic.com/media/6f3e00_5a53b8e153b447988aa738a349acd062_mv2.jpeg/v1/fill/w_147,h_98,al_c,q_80,usm_0.66_1.00_0.01,blur_2,enc_avif,quality_auto/GRIFFITH COLLEGE DUBLIN.jpg]
[static.wixstatic.com/media/6f3e00_ed3e077832784b6fabc0484737b52c0d_mv2.jpg/v1/fill/w_147,h_105,al_c,q_80,usm_0.66_1.00_0.01,blur_2,enc_avif,quality_auto/Maynooth University.jpg]
[static.wixstatic.com/media/6f3e00_f8e1b52aa0844609a9e91f330d90c51f_mv2.jpeg/v1/fill/w_108,h_72,al_c,q_80,usm_0.66_1.00_0.01,blur_2,enc_avif,quality_auto/National University of Ireland, Galway.jpg]
[static.wixstatic.com/media/6f3e00_bb661dc4fb2741aeafae226736e0131e_mv2.jpg/v1/fill/w_135,h_90,al_c,q_80,usm_0.66_1.00_0.01,blur_2,enc_avif,quality_auto/SMURFIT GRADUATE BUSINESS SCHOOL.jpg]
[static.wixstatic.com/media/6f3e00_9a8a45b6fe544c1bb80c290968c9cb44_mv2.jpg/v1/fill/w_147,h_74,al_c,q_80,usm_0.66_1.00_0.01,blur_2,enc_avif,quality_auto/TECHNOLOGICAL UNIVERSITY DUBLIN.jpg]
[static.wixstatic.com/media/6f3e00_5f06d2f31c56428c94ac67a3f927c794_mv2.jpg/v1/fill/w_147,h_98,al_c,q_80,usm_0.66_1.00_0.01,blur_2,enc_avif,quality_auto/Trinity College Dublin.jpg]
[static.wixstatic.com/media/6f3e00_d8126170bd8c48ab970ad88311699b6b_mv2.png/v1/fill/w_49,h_25,al_c,q_85,usm_0.66_1.00_0.01,blur_2,enc_avif,quality_auto/University College Cork.png]
[static.wixstatic.com/media/6f3e00_2853a3bdc6e242a49ea2b3401fbdb43a_mv2.jpg/v1/fill/w_147,h_54,al_c,q_80,usm_0.66_1.00_0.01,blur_2,enc_avif,quality_auto/ire-banner.jpg]
[static.wixstatic.com/media/6f3e00_ea4e06f35e6a4a2097a6ae4b9af7449a_mv2.jpg/v1/fill/w_113,h_105,al_c,q_80,usm_0.66_1.00_0.01,blur_2,enc_avif,quality_auto/ire-banner-M.jpg]
[static.wixstatic.com/media/6f3e00_a08e0a8a716c4fefbc5e4280ca1a71d8_mv2.jpg/v1/fill/w_147,h_54,al_c,q_80,usm_0.66_1.00_0.01,blur_2,enc_avif,quality_auto/foot-ire-banner-m.jpg]
[static.wixstatic.com/media/6f3e00_bd8dbcf7f2854d7f8c571d8b800adcc1_mv2.jpg/v1/fill/w_113,h_88,al_c,q_80,usm_0.66_1.00_0.01,blur_2,enc_avif,quality_auto/foot-ire-banner.jpg]
[www.eazygrad.com/ireland.html]
[static.wixstatic.com/media/6f3e00_efdba135485c41d9aeb3c92bbac8e222_mv2.png/v1/fill/w_100,h_57,al_c,q_85,usm_0.66_1.00_0.01,blur_3,enc_avif,quality_auto/6f3e00_efdba135485c41d9aeb3c92bbac8e222_mv2.png]
[www.eazygrad.com/_files/ugd/UK%20Guide.pdf_; filename_=UTF-8''UK%20Guide.pdf]
[static.wixstatic.com/media/6f3e00_2e89fc7f7329412a9f3c206a5f829132_mv2.png/v1/fill/w_51,h_51,al_c,q_85,usm_0.66_1.00_0.01,blur_2,enc_avif,quality_auto/Why-choose-UK-1.png]
[static.wixstatic.com/media/6f3e00_8ad98275597748ab9c55a22bbca8e9e1_mv2.png/v1/fill/w_51,h_51,al_c,q_85,usm_0.66_1.00_0.01,blur_2,enc_avif,quality_auto/Why-choose-UK-2.png]
[static.wixstatic.com/media/6f3e00_00e01611c080451d9a02680481d477fb_mv2.png/v1/fill/w_51,h_51,al_c,q_85,usm_0.66_1.00_0.01,blur_2,enc_avif,quality_auto/Why-choose-UK-3.png]
[static.wixstatic.com/media/6f3e00_344f74b6409348a68f492cbe8907192d_mv2.png/v1/fill/w_51,h_51,al_c,q_85,usm_0.66_1.00_0.01,blur_2,enc_avif,quality_auto/Why-choose-UK-4.png]
[static.wixstatic.com/media/6f3e00_1d33576d74b14f90a4f4a5094b753b5b_mv2.png/v1/fill/w_49,h_121,al_c,q_85,usm_0.66_1.00_0.01,blur_2,enc_avif,quality_auto/FAQ 1.png]
[static.wixstatic.com/media/6f3e00_7231df03f1cc47c8b999c379dd8b2792_mv2.png/v1/fill/w_49,h_19,al_c,q_85,usm_0.66_1.00_0.01,blur_2,enc_avif,quality_auto/FAQ 2.png]
[static.wixstatic.com/media/6f3e00_29ce5e5cf7b848fab19da32abe92e5d6_mv2.png/v1/fill/w_82,h_23,al_c,q_85,usm_0.66_1.00_0.01,blur_2,enc_avif,quality_auto/University of Brimingham.jpg]
[static.wixstatic.com/media/6f3e00_d8506e7939c148c48b4b7ec25bc3d3c2_mv2.jpg/v1/fill/w_147,h_42,al_c,q_80,usm_0.66_1.00_0.01,blur_2,enc_avif,quality_auto/University of Leeds.jpg]
[static.wixstatic.com/media/6f3e00_330e74f44f8645bc843dca9bf4d3565e_mv2.png/v1/fill/w_87,h_36,al_c,q_85,usm_0.66_1.00_0.01,blur_2,enc_avif,quality_auto/Durham University.png]
[static.wixstatic.com/media/6f3e00_6448d0b8a727446287ce48e032005de5_mv2.png/v1/fill/w_49,h_32,al_c,q_85,usm_0.66_1.00_0.01,blur_2,enc_avif,quality_auto/King_s College London.png]
[static.wixstatic.com/media/6f3e00_592490926e8b4d3381fee2e51d6888b6_mv2.png/v1/fill/w_49,h_15,al_c,q_85,usm_0.66_1.00_0.01,blur_2,enc_avif,quality_auto/University of Bristol.png]
[static.wixstatic.com/media/6f3e00_fabd08d063c8430cb5a14d798d699e4b_mv2.png/v1/fill/w_111,h_28,al_c,q_85,usm_0.66_1.00_0.01,blur_2,enc_avif,quality_auto/University of Liverpool.png]
[static.wixstatic.com/media/6f3e00_08da3ab2d0494c02bada3a8c87d74ec6_mv2.jpg/v1/fill/w_120,h_37,al_c,q_80,usm_0.66_1.00_0.01,blur_2,enc_avif,quality_auto/University of Glasgow.jpg]
[static.wixstatic.com/media/6f3e00_0735707b9e684701987ed80780307ebe_mv2.png/v1/fill/w_54,h_17,al_c,q_85,usm_0.66_1.00_0.01,blur_2,enc_avif,quality_auto/University of Manchester.png]
[static.wixstatic.com/media/6f3e00_6ecb3e7488ff44f685a66a67e4161bc0_mv2.png/v1/fill/w_102,h_31,al_c,q_85,usm_0.66_1.00_0.01,blur_2,enc_avif,quality_auto/University of Sheffield.png]
[static.wixstatic.com/media/6f3e00_35bf189b25c04fca98cf0eca4e49a991_mv2.jpg/v1/fill/w_147,h_39,al_c,q_80,usm_0.66_1.00_0.01,blur_2,enc_avif,quality_auto/Queen Mary University London.jpg]
[static.wixstatic.com/media/6f3e00_4ca1302e520140a9bc67f6e9cb6c96a7_mv2.png/v1/fill/w_86,h_39,al_c,q_85,usm_0.66_1.00_0.01,blur_2,enc_avif,quality_auto/University of Nottingham.png]
[static.wixstatic.com/media/6f3e00_a0fa05d98ae240c8afbe0226e6f5fdbf_mv2.png/v1/fill/w_64,h_51,al_c,q_85,usm_0.66_1.00_0.01,blur_2,enc_avif,quality_auto/University of Edinburgh.png]
[static.wixstatic.com/media/6f3e00_bbf6a46d38564f61b50f01d94f9ba823_mv2.png/v1/fill/w_78,h_52,al_c,q_85,usm_0.66_1.00_0.01,blur_2,enc_avif,quality_auto/University of Warwick.png]
[static.wixstatic.com/media/6f3e00_1e00ba962d754a0eb91d4edb8a6d162a_mv2.jpg/v1/fill/w_147,h_83,al_c,q_80,usm_0.66_1.00_0.01,blur_2,enc_avif,quality_auto/University of Oxford.jpg]
[static.wixstatic.com/media/6f3e00_e4526e6366874bc69973b4897d3da694_mv2.jpg/v1/fill/w_162,h_91,al_c,q_80,usm_0.66_1.00_0.01,blur_2,enc_avif,quality_auto/University of Cambridge.jpg]
[static.wixstatic.com/media/6f3e00_f48b4b948f124d59b5fb37db5041a34a_mv2.jpg/v1/fill/w_147,h_61,al_c,q_80,usm_0.66_1.00_0.01,blur_2,enc_avif,quality_auto/UCL (University College London).jpg]
[static.wixstatic.com/media/6f3e00_e07fc3adcad747c09a0705c3005505b2_mv2.jpg/v1/fill/w_146,h_82,al_c,q_80,usm_0.66_1.00_0.01,blur_2,enc_avif,quality_auto/University of Edinburgh.jpg]
[static.wixstatic.com/media/6f3e00_6fee9579af9f46e3857d0dfd1421138f_mv2.jpg/v1/fill/w_147,h_75,al_c,q_80,usm_0.66_1.00_0.01,blur_2,enc_avif,quality_auto/The University of Manchester.jpg]
[static.wixstatic.com/media/6f3e00_429e42ae02664bc4a2f653468ab117ad_mv2.jpg/v1/fill/w_147,h_111,al_c,q_80,usm_0.66_1.00_0.01,blur_2,enc_avif,quality_auto/Kings College London (KCL).jpg]
[static.wixstatic.com/media/6f3e00_cb3e5223e0734ffd9984af769b78f558_mv2.jpg/v1/fill/w_147,h_98,al_c,q_80,usm_0.66_1.00_0.01,blur_2,/London School of Economics and Political Science (LSE).jpg]
[static.wixstatic.com/media/6f3e00_bc039e4fc83a40e6812f3f0a93f7f887_mv2.png/v1/fill/w_49,h_18,al_c,q_85,usm_0.66_1.00_0.01,blur_2,enc_avif,quality_auto/uk-banner.png]
[static.wixstatic.com/media/6f3e00_f9e87a7efc8147bf8c1ed50e6ed5801a_mv2.jpg/v1/fill/w_105,h_108,al_c,q_80,usm_0.66_1.00_0.01,blur_2,enc_avif,quality_auto/uk-mbg.jpg]
[static.wixstatic.com/media/6f3e00_0f679160301143b2a2217617ad44ca39_mv2.jpg/v1/fill/w_147,h_54,al_c,q_80,usm_0.66_1.00_0.01,blur_2,enc_avif,quality_auto/uk-foot-bg.jpg]
[static.wixstatic.com/media/6f3e00_be5f7fa510414aed9f6f36010b075f9c_mv2.jpg/v1/fill/w_113,h_88,al_c,q_80,usm_0.66_1.00_0.01,blur_2,enc_avif,quality_auto/uk-foot-mb-bg.jpg]
[www.eazygrad.com/uk.html]
[static.wixstatic.com/media/6f3e00_c382c988dffe46128a80e381f94f5050_mv2.png/v1/fill/w_100,h_57,al_c,q_85,usm_0.66_1.00_0.01,blur_3,enc_avif,quality_auto/6f3e00_c382c988dffe46128a80e381f94f5050_mv2.png]
[www.eazygrad.com/_files/ugd/New%20Zealand%20Guide%20.pdf_; filename_=UTF-8''New%20Zealand%20Guide%20.pdf]
[static.wixstatic.com/media/6f3e00_7635aa44de814747aad2abdab855da69_mv2.png/v1/fill/w_51,h_51,al_c,q_85,usm_0.66_1.00_0.01,blur_2,enc_avif,quality_auto/Why-choose-New-Zealand-1.png]
[static.wixstatic.com/media/6f3e00_e6e1e08b3fdf4f6da4f4b4a3f7a20d40_mv2.png/v1/fill/w_51,h_51,al_c,q_85,usm_0.66_1.00_0.01,blur_2,enc_avif,quality_auto/Why-choose-New-Zealand-2.png]
[static.wixstatic.com/media/6f3e00_143ab1b363924b40a5b7ea8a573fe905_mv2.png/v1/fill/w_51,h_51,al_c,q_85,usm_0.66_1.00_0.01,blur_2,enc_avif,quality_auto/Why-choose-New-Zealand-3.png]
[static.wixstatic.com/media/6f3e00_e3fe4ff1b088474b98c59806e24476b6_mv2.png/v1/fill/w_51,h_51,al_c,q_85,usm_0.66_1.00_0.01,blur_2,enc_avif,quality_auto/Why-choose-New-Zealand-4.png]
[static.wixstatic.com/media/6f3e00_d2d6fcbd1bbd4c91849e317429f4db6b_mv2.png/v1/fill/w_49,h_112,al_c,q_85,usm_0.66_1.00_0.01,blur_2,enc_avif,quality_auto/FAQ_Collage_1.png]
[static.wixstatic.com/media/6f3e00_242ec2ecfaf64a63bea3075cf8bef136_mv2.png/v1/fill/w_49,h_19,al_c,q_85,usm_0.66_1.00_0.01,blur_2,enc_avif,quality_auto/FAQ Collage_2.png]
[static.wixstatic.com/media/6f3e00_9b40b586d3624d91ab9fe7e9e8d490c3_mv2.png/v1/fill/w_49,h_34,al_c,q_85,usm_0.66_1.00_0.01,blur_2,enc_avif,quality_auto/Auckland University of Technology.png]
[static.wixstatic.com/media/6f3e00_267e4408aaf94a428124a4624d04abb5_mv2.png/v1/fill/w_70,h_40,al_c,q_85,usm_0.66_1.00_0.01,blur_2,enc_avif,quality_auto/Lincoln University.png]
[static.wixstatic.com/media/6f3e00_b3b87522ad474c0f83530f314bd99ce9_mv2.png/v1/fill/w_97,h_33,al_c,q_85,usm_0.66_1.00_0.01,blur_2,enc_avif,quality_auto/University of Auckland.png]
[static.wixstatic.com/media/6f3e00_8dd9397e9e444d3fbb917cabbb10c3f2_mv2.png/v1/fill/w_60,h_40,al_c,q_85,usm_0.66_1.00_0.01,blur_2,enc_avif,quality_auto/University of Canterbury.png]
[static.wixstatic.com/media/6f3e00_fdda3f999e294355b765c71b82c284c9_mv2.png/v1/fill/w_102,h_31,al_c,q_85,usm_0.66_1.00_0.01,blur_2,enc_avif,quality_auto/University of Waikato.png]
[static.wixstatic.com/media/6f3e00_7f25df17d82a4a1592c4c4f1bbfbb832_mv2.png/v1/fill/w_49,h_11,al_c,q_85,usm_0.66_1.00_0.01,blur_2,enc_avif,quality_auto/Massey University.png]
[static.wixstatic.com/media/6f3e00_0bebf2cdbdcd4969b125fe4d76e9ab74_mv2.png/v1/fill/w_48,h_30,al_c,q_85,usm_0.66_1.00_0.01,blur_2,enc_avif,quality_auto/University of Auckland.jpg]
[static.wixstatic.com/media/6f3e00_7310771cb7eb4ef49560f069288541b2_mv2.jpg/v1/fill/w_147,h_98,al_c,q_80,usm_0.66_1.00_0.01,blur_2,enc_avif,quality_auto/University of Otago.jpg]
[static.wixstatic.com/media/6f3e00_129a6909b780477898cf08ee2dfaf596_mv2.jpg/v1/fill/w_101,h_101,al_c,q_80,usm_0.66_1.00_0.01,blur_2,enc_avif,quality_auto/University of Canterbury.jpg]
[static.wixstatic.com/media/6f3e00_b3cc50a0e5d648e2bc1804b6b40fec18_mv2.jpg/v1/fill/w_147,h_98,al_c,q_80,usm_0.66_1.00_0.01,blur_2,enc_avif,quality_auto/Victoria University of Wellington.jpg]
[static.wixstatic.com/media/6f3e00_b1b800086c4f499a9c181e579c1ba856_mv2.jpg/v1/fill/w_108,h_72,al_c,q_80,usm_0.66_1.00_0.01,blur_2,enc_avif,quality_auto/Auckland University of Technology.jpg]
[static.wixstatic.com/media/6f3e00_66a950ce90af41cfbbe5ea93395470cc_mv2.jpg/v1/fill/w_158,h_74,al_c,q_80,usm_0.66_1.00_0.01,blur_2,enc_avif,quality_auto/Massey University.jpg]
[static.wixstatic.com/media/6f3e00_4feef19cdcb84118a7aca5f1f168ff1b_mv2.jpg/v1/fill/w_147,h_76,al_c,q_80,usm_0.66_1.00_0.01,blur_2,enc_avif,quality_auto/University of Waikato.jpg]
[static.wixstatic.com/media/6f3e00_d097693def8b487eab50c94415a79016_mv2.png/v1/fill/w_51,h_51,al_c,q_85,usm_0.66_1.00_0.01,blur_2,enc_avif,quality_auto/notepad.png]
[static.wixstatic.com/media/6f3e00_cff454f0676c44e2bf717cad9091109c_mv2.png/v1/fill/w_51,h_51,al_c,q_85,usm_0.66_1.00_0.01,blur_2,enc_avif,quality_auto/profit.png]
[static.wixstatic.com/media/6f3e00_7c09e3c7c054410480fbbed1c374b833_mv2.png/v1/fill/w_51,h_51,al_c,q_85,usm_0.66_1.00_0.01,blur_2,enc_avif,quality_auto/plane-ticket.png]
[static.wixstatic.com/media/6f3e00_e857ff406b874d74b5c9b064e4ca21bb_mv2.png/v1/fill/w_51,h_51,al_c,q_85,usm_0.66_1.00_0.01,blur_2,enc_avif,quality_auto/blood-analysis.png]
[static.wixstatic.com/media/6f3e00_6cef056c18304e23837485f175d2f7c9_mv2.jpg/v1/fill/w_147,h_54,al_c,q_80,usm_0.66_1.00_0.01,blur_2,enc_avif,quality_auto/new--z-banner01.jpg]
[static.wixstatic.com/media/6f3e00_e431df8dc3f54ab9bd276777c9acca53_mv2.jpg/v1/fill/w_104,h_106,al_c,q_80,usm_0.66_1.00_0.01,blur_2,enc_avif,quality_auto/new--z-banner01-m.jpg]
[static.wixstatic.com/media/6f3e00_8e070a590de34c3a8b9c908c646f7b87_mv2.jpg/v1/fill/w_147,h_54,al_c,q_80,usm_0.66_1.00_0.01,blur_2,enc_avif,quality_auto/new--z-banner-footer.jpg]
[static.wixstatic.com/media/6f3e00_2dac7fa37f0f438a841e0f5647d206a6_mv2.jpg/v1/fill/w_113,h_88,al_c,q_80,usm_0.66_1.00_0.01,blur_2,enc_avif,quality_auto/new--z-banner-footer-m.jpg]
[www.eazygrad.com/newzealand.html]
[static.wixstatic.com/media/6f3e00_31a3ddf714264866a1b9c75320726200_mv2.png/v1/fill/w_100,h_57,al_c,q_85,usm_0.66_1.00_0.01,blur_3,enc_avif,quality_auto/6f3e00_31a3ddf714264866a1b9c75320726200_mv2.png]
[www.eazygrad.com/_files/ugd/US%20guide.pdf_; filename_=UTF-8''US%20guide.pdf]
[static.wixstatic.com/media/6f3e00_652432144bfd456d98c5d2ee4bb0632a_mv2.png/v1/fill/w_49,h_112,al_c,q_85,usm_0.66_1.00_0.01,blur_2,enc_avif,quality_auto/FAQ 1.png]
[static.wixstatic.com/media/6f3e00_5ca2553399ee4951a4c0e8710229dd3a_mv2.png/v1/fill/w_49,h_19,al_c,q_85,usm_0.66_1.00_0.01,blur_2,enc_avif,quality_auto/FAQ 2.png]
[static.wixstatic.com/media/6f3e00_8e901d86fbf04c81afa1187dc252cea3_mv2.jpeg/v1/fill/w_147,h_51,al_c,q_80,usm_0.66_1.00_0.01,blur_2,enc_avif,quality_auto/Drew University.jpg]
[static.wixstatic.com/media/6f3e00_2eea05bc4faf483c98aee36dc5f6b1c1_mv2.png/v1/fill/w_49,h_40,al_c,q_85,usm_0.66_1.00_0.01,blur_2,enc_avif,quality_auto/New York Institute of Technology.png]
[static.wixstatic.com/media/6f3e00_80fdee3d54cd46cfbfc86df6eaddb5be_mv2.png/v1/fill/w_60,h_15,al_c,q_85,usm_0.66_1.00_0.01,blur_2,enc_avif,quality_auto/Seattle University.png]
[static.wixstatic.com/media/6f3e00_da86da16fe9a4f138b74de36a0411f53_mv2.png/v1/fill/w_49,h_65,al_c,q_85,usm_0.66_1.00_0.01,blur_2,enc_avif,quality_auto/University of Massachusetts Boston.png]
[static.wixstatic.com/media/6f3e00_e802a3d054c942d2bc9b17a6bc1931de_mv2.png/v1/fill/w_49,h_9,al_c,q_85,usm_0.66_1.00_0.01,blur_2,enc_avif,quality_auto/Arizona State University.png]
[static.wixstatic.com/media/6f3e00_3fb8ef75cba74316b1c4fd001c44c4ce_mv2.png/v1/fill/w_49,h_49,al_c,q_85,usm_0.66_1.00_0.01,blur_2,enc_avif,quality_auto/University of Illinois Chicago.png]
[static.wixstatic.com/media/6f3e00_7b4a43e9dcff4558ab470887eebd10b2_mv2.png/v1/fill/w_49,h_28,al_c,q_85,usm_0.66_1.00_0.01,blur_2,enc_avif,quality_auto/University of South Florida.png]
[static.wixstatic.com/media/6f3e00_677f025ee40a4429b9c7900882f350dc_mv2.png/v1/fill/w_98,h_94,al_c,q_85,usm_0.66_1.00_0.01,blur_2,enc_avif,quality_auto/University of Colorado Denver.png]
[static.wixstatic.com/media/6f3e00_c740f77a289f4b81b261a3ee3968f6cc_mv2.jpg/v1/fill/w_147,h_98,al_c,q_80,usm_0.66_1.00_0.01,blur_2,enc_avif,quality_auto/Massachusetts Institute of Technology.jpg]
[static.wixstatic.com/media/6f3e00_b2be8994359a40bf969bb45ebae694b8_mv2.jpg/v1/fill/w_147,h_98,al_c,q_80,usm_0.66_1.00_0.01,blur_2,enc_avif,quality_auto/Stanford University.jpg]
[static.wixstatic.com/media/6f3e00_14b8e8bbe6034e5f86cac7236c429255_mv2.jpg/v1/fill/w_147,h_98,al_c,q_80,usm_0.66_1.00_0.01,blur_2,enc_avif,quality_auto/Harvard University.jpg]
[static.wixstatic.com/media/6f3e00_aff945684bc745caaefd7f470dd8ea68_mv2.jpg/v1/fill/w_147,h_98,al_c,q_80,usm_0.66_1.00_0.01,blur_2,enc_avif,quality_auto/California Institute of Technology.jpg]
[static.wixstatic.com/media/6f3e00_b74823aa0f4044928f1208db2a42590c_mv2.jpg/v1/fill/w_147,h_98,al_c,q_80,usm_0.66_1.00_0.01,blur_2,enc_avif,quality_auto/University of Chicago.jpg]
[static.wixstatic.com/media/6f3e00_97f40d0926e54a0cb62c9225f48f770f_mv2.png/v1/fill/w_49,h_18,al_c,q_85,usm_0.66_1.00_0.01,blur_2,enc_avif,quality_auto/usa-banner.png]
[static.wixstatic.com/media/6f3e00_d91b0d2854024b1781cab82db5f3760a_mv2.jpg/v1/fill/w_105,h_108,al_c,q_80,usm_0.66_1.00_0.01,blur_2,enc_avif,quality_auto/usa-m-banner.jpg]
[www.eazygrad.com/usa.html]
[www.eazygrad.com/contact-us.html]
[www.eazygrad.com/feed.html]
[www.eazygrad.com/decodeURIComponent(e.html]
[static.wixstatic.com/media/6f3e00_0c0af1131a7442ab9f6c1cafc821f3a3_mv2.png/v1/fill/w_125,h_125,al_c,q_85,blur_3,enc_avif,quality_auto/Asset-35.png]
[static.wixstatic.com/media/6f3e00_7453a91e4326465e9b743301796c111d_mv2.png/v1/fill/w_125,h_125,al_c,q_85,blur_3,enc_avif,quality_auto/Asset-36.png]
[static.wixstatic.com/media/6f3e00_94c0fb0068274482920311b1e03bbd89_mv2.png/v1/fill/w_125,h_125,al_c,q_85,blur_3,enc_avif,quality_auto/Asset-37.png]
[static.wixstatic.com/media/6f3e00_3e212c9ef4664b5ab16f9cfa1b611473_mv2.png/v1/fill/w_125,h_125,al_c,q_85,blur_3,enc_avif,quality_auto/Asset-38.png]
[static.wixstatic.com/media/6f3e00_ca418d0ecca04c4ea65166fb9b3ee6f1_mv2.png/v1/fill/w_75,h_95,al_c,q_85,usm_0.66_1.00_0.01,blur_2,enc_avif,quality_auto/Hero-Image.png]
[static.wixstatic.com/media/6f3e00_4664a8efc0744740b3afa4441a4cce29_mv2.png/v1/fill/w_125,h_125,al_c,q_85,blur_3,enc_avif,quality_auto/Asset-39.png]
[static.wixstatic.com/media/6f3e00_86d2973365cb4838a3fb0f5a7f6d601a_mv2.png/v1/fill/w_125,h_125,al_c,q_85,blur_3,enc_avif,quality_auto/Asset-40.png]
[static.wixstatic.com/media/6f3e00_0661eebc9f1b4fbdb1d9674a31018952_mv2.png/v1/fill/w_125,h_125,al_c,q_85,blur_3,enc_avif,quality_auto/Asset-41.png]
[static.wixstatic.com/media/6f3e00_fa24018f5a774c849ed21b312cc215f4_mv2.png/v1/fill/w_125,h_125,al_c,q_85,blur_3,enc_avif,quality_auto/Asset-42.png]
[static.wixstatic.com/media/6f3e00_44e2489c3f914ea19e770ffe85f11691_mv2.png/v1/fill/w_150,h_150,al_c,q_85,blur_3,enc_avif,quality_auto/Rupali.png]
[static.wixstatic.com/media/6f3e00_de4b797adcf24b5d909845c7e2b78594_mv2.png/v1/fill/w_150,h_150,al_c,q_85,blur_3,enc_avif,quality_auto/Mihika.png]
[static.wixstatic.com/media/6f3e00_93f9f2156da949aab2c058edcbb34588_mv2.png/v1/fill/w_150,h_150,al_c,q_85,blur_3,enc_avif,quality_auto/Shumbham.png]
[static.wixstatic.com/media/6f3e00_6da5115ee15f4995b0d7b39587c03f78_mv2.png/v1/fill/w_49,h_14,al_c,q_85,usm_0.66_1.00_0.01,blur_2,enc_avif,quality_auto/banner.png]
[static.wixstatic.com/media/6f3e00_5e55eb8730b84826a0227d3578605e5e_mv2.png/v1/fill/w_105,h_70,al_c,q_85,usm_0.66_1.00_0.01,blur_2,enc_avif,quality_auto/tab-m-banner.png]
[static.wixstatic.com/media/6f3e00_3e5547be7cc54f6cb3e5291eb82c12ed_mv2.png/v1/fill/w_113,h_74,al_c,q_85,usm_0.66_1.00_0.01,blur_2,enc_avif,quality_auto/blue-mobile.png]
[static.wixstatic.com/media/6f3e00_60d4f376665a420aa4c063d2c6af18e6_mv2.png/v1/fill/w_49,h_14,al_c,q_85,usm_0.66_1.00_0.01,blur_2,enc_avif,quality_auto/blue-banner.png]
[www.eazygrad.com/pricing.html]
[static.parastorage.com/services/form-app/1.1402.0/client-viewer/2797.chunk.min.css]
[static.wixstatic.com/media/6f3e00_c3c3890e591247299483e4fb6f68ddfc_mv2.png/v1/fill/w_64,h_73,al_c,q_85,usm_0.66_1.00_0.01,blur_2,enc_avif,quality_auto/1.png]
[static.wixstatic.com/media/6f3e00_d292b1e0f3af42d5843bbe0464bef648_mv2.png/v1/fill/w_67,h_67,al_c,q_85,usm_0.66_1.00_0.01,blur_2,enc_avif,quality_auto/2.png]
[static.wixstatic.com/media/6f3e00_1827117b6f8a4380a6008f55de10b469_mv2.png/v1/fill/w_69,h_73,al_c,q_85,usm_0.66_1.00_0.01,blur_2,enc_avif,quality_auto/3.png]
[static.wixstatic.com/media/6f3e00_16755f658eb14ef4b73506309c0b0e8d_mv2.png/v1/fill/w_49,h_54,al_c,q_85,usm_0.66_1.00_0.01,blur_2,enc_avif,quality_auto/Hero Image.png]
[static.wixstatic.com/media/6f3e00_4a7bab2bd5734caebe851c230c1ab0f2_mv2.png/v1/fill/w_51,h_51,al_c,q_85,usm_0.66_1.00_0.01,blur_2,enc_avif,quality_auto/tick-mark.png]
[static.wixstatic.com/media/6f3e00_e2729a70d0b149e09b53f06c1e87b391_mv2.jpg/v1/fill/w_103,h_157,al_c,q_80,usm_0.66_1.00_0.01,blur_2,enc_avif,quality_auto/wav-m.jpg]
[static.wixstatic.com/media/6f3e00_e66b4ff681184bb9b973bbe77d77b7d5_mv2.jpg/v1/fill/w_147,h_41,al_c,q_80,usm_0.66_1.00_0.01,blur_2,enc_avif,quality_auto/wav-bg.jpg]
[www.eazygrad.com/waiver.html]
